[    0.000000] Initializing cgroup subsys cpuset
[    0.000000] Initializing cgroup subsys cpu
[    0.000000] Initializing cgroup subsys cpuacct
[    0.000000] Linux version 4.4.0-143-generic (buildd@lgw01-amd64-041) (gcc version 5.4.0 20160609 (Ubuntu 5.4.0-6ubuntu1~16.04.10) ) #169-Ubuntu SMP Thu Feb 7 07:56:38 UTC 2019 (Ubuntu 4.4.0-143.169-generic 4.4.170)
[    0.000000] Command line: BOOT_IMAGE=/boot/vmlinuz-4.4.0-143-generic root=LABEL=cloudimg-rootfs ro console=tty1 console=ttyS0
[    0.000000] KERNEL supported cpus:
[    0.000000]   Intel GenuineIntel
[    0.000000]   AMD AuthenticAMD
[    0.000000]   Centaur CentaurHauls
[    0.000000] x86/fpu: xstate_offset[2]:  576, xstate_sizes[2]:  256
[    0.000000] x86/fpu: Supporting XSAVE feature 0x01: 'x87 floating point registers'
[    0.000000] x86/fpu: Supporting XSAVE feature 0x02: 'SSE registers'
[    0.000000] x86/fpu: Supporting XSAVE feature 0x04: 'AVX registers'
[    0.000000] x86/fpu: Enabled xstate features 0x7, context size is 832 bytes, using 'standard' format.
[    0.000000] e820: BIOS-provided physical RAM map:
[    0.000000] BIOS-e820: [mem 0x0000000000000000-0x000000000009fbff] usable
[    0.000000] BIOS-e820: [mem 0x000000000009fc00-0x000000000009ffff] reserved
[    0.000000] BIOS-e820: [mem 0x00000000000f0000-0x00000000000fffff] reserved
[    0.000000] BIOS-e820: [mem 0x0000000000100000-0x000000007ffeffff] usable
[    0.000000] BIOS-e820: [mem 0x000000007fff0000-0x000000007fffffff] ACPI data
[    0.000000] BIOS-e820: [mem 0x00000000fec00000-0x00000000fec00fff] reserved
[    0.000000] BIOS-e820: [mem 0x00000000fee00000-0x00000000fee00fff] reserved
[    0.000000] BIOS-e820: [mem 0x00000000fffc0000-0x00000000ffffffff] reserved
[    0.000000] NX (Execute Disable) protection: active
[    0.000000] SMBIOS 2.5 present.
[    0.000000] Hypervisor detected: KVM
[    0.000000] e820: last_pfn = 0x7fff0 max_arch_pfn = 0x400000000
[    0.000000] MTRR: Disabled
[    0.000000] x86/PAT: MTRRs disabled, skipping PAT initialization too.
[    0.000000] CPU MTRRs all blank - virtualized system.
[    0.000000] x86/PAT: Configuration [0-7]: WB  WT  UC- UC  WB  WT  UC- UC  
[    0.000000] found SMP MP-table at [mem 0x0009fff0-0x0009ffff] mapped at [ffff88000009fff0]
[    0.000000] Scanning 1 areas for low memory corruption
[    0.000000] RAMDISK: [mem 0x362fa000-0x37174fff]
[    0.000000] ACPI: Early table checksum verification disabled
[    0.000000] ACPI: RSDP 0x00000000000E0000 000024 (v02 VBOX  )
[    0.000000] ACPI: XSDT 0x000000007FFF0030 00003C (v01 VBOX   VBOXXSDT 00000001 ASL  00000061)
[    0.000000] ACPI: FACP 0x000000007FFF00F0 0000F4 (v04 VBOX   VBOXFACP 00000001 ASL  00000061)
[    0.000000] ACPI: DSDT 0x000000007FFF0470 0022EA (v02 VBOX   VBOXBIOS 00000002 INTL 20180105)
[    0.000000] ACPI: FACS 0x000000007FFF0200 000040
[    0.000000] ACPI: FACS 0x000000007FFF0200 000040
[    0.000000] ACPI: APIC 0x000000007FFF0240 00005C (v02 VBOX   VBOXAPIC 00000001 ASL  00000061)
[    0.000000] ACPI: SSDT 0x000000007FFF02A0 0001CC (v01 VBOX   VBOXCPUT 00000002 INTL 20180105)
[    0.000000] No NUMA configuration found
[    0.000000] Faking a node at [mem 0x0000000000000000-0x000000007ffeffff]
[    0.000000] NODE_DATA(0) allocated [mem 0x7ffeb000-0x7ffeffff]
[    0.000000] kvm-clock: Using msrs 4b564d01 and 4b564d00
[    0.000000] kvm-clock: cpu 0, msr 0:7ffe3001, primary cpu clock
[    0.000000] kvm-clock: using sched offset of 3095449611 cycles
[    0.000000] clocksource: kvm-clock: mask: 0xffffffffffffffff max_cycles: 0x1cd42e4dffb, max_idle_ns: 881590591483 ns
[    0.000000] Zone ranges:
[    0.000000]   DMA      [mem 0x0000000000001000-0x0000000000ffffff]
[    0.000000]   DMA32    [mem 0x0000000001000000-0x000000007ffeffff]
[    0.000000]   Normal   empty
[    0.000000]   Device   empty
[    0.000000] Movable zone start for each node
[    0.000000] Early memory node ranges
[    0.000000]   node   0: [mem 0x0000000000001000-0x000000000009efff]
[    0.000000]   node   0: [mem 0x0000000000100000-0x000000007ffeffff]
[    0.000000] Initmem setup node 0 [mem 0x0000000000001000-0x000000007ffeffff]
[    0.000000] ACPI: PM-Timer IO Port: 0x4008
[    0.000000] IOAPIC[0]: apic_id 2, version 32, address 0xfec00000, GSI 0-23
[    0.000000] ACPI: INT_SRC_OVR (bus 0 bus_irq 0 global_irq 2 dfl dfl)
[    0.000000] ACPI: INT_SRC_OVR (bus 0 bus_irq 9 global_irq 9 low level)
[    0.000000] Using ACPI (MADT) for SMP configuration information
[    0.000000] smpboot: Allowing 2 CPUs, 0 hotplug CPUs
[    0.000000] PM: Registered nosave memory: [mem 0x00000000-0x00000fff]
[    0.000000] PM: Registered nosave memory: [mem 0x0009f000-0x0009ffff]
[    0.000000] PM: Registered nosave memory: [mem 0x000a0000-0x000effff]
[    0.000000] PM: Registered nosave memory: [mem 0x000f0000-0x000fffff]
[    0.000000] e820: [mem 0x80000000-0xfebfffff] available for PCI devices
[    0.000000] Booting paravirtualized kernel on KVM
[    0.000000] clocksource: refined-jiffies: mask: 0xffffffff max_cycles: 0xffffffff, max_idle_ns: 7645519600211568 ns
[    0.000000] setup_percpu: NR_CPUS:512 nr_cpumask_bits:512 nr_cpu_ids:2 nr_node_ids:1
[    0.000000] PERCPU: Embedded 34 pages/cpu @ffff88007fc00000 s99480 r8192 d31592 u1048576
[    0.000000] Built 1 zonelists in Node order, mobility grouping on.  Total pages: 515960
[    0.000000] Policy zone: DMA32
[    0.000000] Kernel command line: BOOT_IMAGE=/boot/vmlinuz-4.4.0-143-generic root=LABEL=cloudimg-rootfs ro console=tty1 console=ttyS0
[    0.000000] PID hash table entries: 4096 (order: 3, 32768 bytes)
[    0.000000] Memory: 2029896K/2096696K available (8608K kernel code, 1332K rwdata, 4008K rodata, 1484K init, 1316K bss, 66800K reserved, 0K cma-reserved)
[    0.000000] SLUB: HWalign=64, Order=0-3, MinObjects=0, CPUs=2, Nodes=1
[    0.000000] Kernel/User page tables isolation: enabled
[    0.000000] Hierarchical RCU implementation.
[    0.000000] 	Build-time adjustment of leaf fanout to 64.
[    0.000000] 	RCU restricting CPUs from NR_CPUS=512 to nr_cpu_ids=2.
[    0.000000] RCU: Adjusting geometry for rcu_fanout_leaf=64, nr_cpu_ids=2
[    0.000000] NR_IRQS:33024 nr_irqs:440 16
[    0.000000] Console: colour VGA+ 80x25
[    0.000000] console [tty1] enabled
[    0.000000] console [ttyS0] enabled
[    0.000000] tsc: Detected 2207.998 MHz processor
[    0.111815] Calibrating delay loop (skipped) preset value.. 4415.99 BogoMIPS (lpj=8831992)
[    0.113154] pid_max: default: 32768 minimum: 301
[    0.113882] ACPI: Core revision 20150930
[    0.115293] ACPI: 2 ACPI AML tables successfully acquired and loaded
[    0.116321] Security Framework initialized
[    0.116985] Yama: becoming mindful.
[    0.117589] AppArmor: AppArmor initialized
[    0.118673] Dentry cache hash table entries: 262144 (order: 9, 2097152 bytes)
[    0.120031] Inode-cache hash table entries: 131072 (order: 8, 1048576 bytes)
[    0.122002] Mount-cache hash table entries: 4096 (order: 3, 32768 bytes)
[    0.122963] Mountpoint-cache hash table entries: 4096 (order: 3, 32768 bytes)
[    0.124101] Initializing cgroup subsys io
[    0.124745] Initializing cgroup subsys memory
[    0.125459] Initializing cgroup subsys devices
[    0.126151] Initializing cgroup subsys freezer
[    0.126836] Initializing cgroup subsys net_cls
[    0.127542] Initializing cgroup subsys perf_event
[    0.128256] Initializing cgroup subsys net_prio
[    0.128951] Initializing cgroup subsys hugetlb
[    0.129639] Initializing cgroup subsys pids
[    0.131406] mce: CPU supports 0 MCE banks
[    0.132093] Last level iTLB entries: 4KB 64, 2MB 8, 4MB 8
[    0.132881] Last level dTLB entries: 4KB 64, 2MB 0, 4MB 0, 1GB 4
[    0.133739] Spectre V2 : Mitigation: Full generic retpoline
[    0.134546] Spectre V2 : Spectre v2 / SpectreRSB mitigation: Filling RSB on context switch
[    0.135827] Speculative Store Bypass: Vulnerable
[    0.138985] Freeing SMP alternatives memory: 32K
[    0.144725] ftrace: allocating 32278 entries in 127 pages
[    0.198628] smpboot: APIC(0) Converting physical 0 to logical package 0
[    0.199602] smpboot: Max logical packages: 1
[    0.200473] x2apic enabled
[    0.201165] Switched APIC routing to physical x2apic.
[    0.202961] ..TIMER: vector=0x30 apic1=0 pin1=2 apic2=-1 pin2=-1
[    0.311372] smpboot: CPU0: Intel(R) Core(TM) i5-7260U CPU @ 2.20GHz (family: 0x6, model: 0x8e, stepping: 0x9)
[    0.312977] Performance Events: unsupported p6 CPU model 142 no PMU driver, software events only.
[    0.323537] KVM setup paravirtual spinlock
[    0.325137] x86: Booting SMP configuration:
[    0.325811] .... node  #0, CPUs:      #1
[    0.326546] kvm-clock: cpu 1, msr 0:7ffe3041, secondary cpu clock
[    0.328689] mce: CPU supports 0 MCE banks
[    0.331035] x86: Booted up 1 node, 2 CPUs
[    0.331841] smpboot: Total of 2 processors activated (8831.99 BogoMIPS)
[    0.333107] devtmpfs: initialized
[    0.334858] evm: security.selinux
[    0.335453] evm: security.SMACK64
[    0.336016] evm: security.SMACK64EXEC
[    0.336613] evm: security.SMACK64TRANSMUTE
[    0.337257] evm: security.SMACK64MMAP
[    0.337861] evm: security.ima
[    0.338385] evm: security.capability
[    0.339145] clocksource: jiffies: mask: 0xffffffff max_cycles: 0xffffffff, max_idle_ns: 7645041785100000 ns
[    0.340580] futex hash table entries: 512 (order: 3, 32768 bytes)
[    0.341562] pinctrl core: initialized pinctrl subsystem
[    0.342427] RTC time:  8:21:38, date: 12/17/19
[    0.343252] NET: Registered protocol family 16
[    0.355253] cpuidle: using governor ladder
[    0.367640] cpuidle: using governor menu
[    0.368306] PCCT header not found.
[    0.368952] ACPI: bus type PCI registered
[    0.369613] acpiphp: ACPI Hot Plug PCI Controller Driver version: 0.5
[    0.370640] PCI: Using configuration type 1 for base access
[    0.384249] ACPI: Added _OSI(Module Device)
[    0.384903] ACPI: Added _OSI(Processor Device)
[    0.385547] ACPI: Added _OSI(3.0 _SCP Extensions)
[    0.386213] ACPI: Added _OSI(Processor Aggregator Device)
[    0.387503] ACPI: Executed 1 blocks of module-level executable AML code
[    0.390047] ACPI: Interpreter enabled
[    0.390617] ACPI: (supports S0 S5)
[    0.391149] ACPI: Using IOAPIC for interrupt routing
[    0.391980] PCI: Using host bridge windows from ACPI; if necessary, use "pci=nocrs" and report a bug
[    0.395953] ACPI: PCI Root Bridge [PCI0] (domain 0000 [bus 00-ff])
[    0.396759] acpi PNP0A03:00: _OSC: OS supports [ASPM ClockPM Segments MSI]
[    0.397886] acpi PNP0A03:00: _OSC: not requesting OS control; OS requires [ExtendedConfig ASPM ClockPM MSI]
[    0.399189] acpi PNP0A03:00: fail to add MMCONFIG information, can't access extended PCI configuration space under this bridge.
[    0.400889] PCI host bridge to bus 0000:00
[    0.401489] pci_bus 0000:00: root bus resource [io  0x0000-0x0cf7 window]
[    0.402348] pci_bus 0000:00: root bus resource [io  0x0d00-0xffff window]
[    0.403206] pci_bus 0000:00: root bus resource [mem 0x000a0000-0x000bffff window]
[    0.404324] pci_bus 0000:00: root bus resource [mem 0x80000000-0xfdffffff window]
[    0.405427] pci_bus 0000:00: root bus resource [bus 00-ff]
[    0.407304] pci 0000:00:01.1: legacy IDE quirk: reg 0x10: [io  0x01f0-0x01f7]
[    0.408490] pci 0000:00:01.1: legacy IDE quirk: reg 0x14: [io  0x03f6]
[    0.409406] pci 0000:00:01.1: legacy IDE quirk: reg 0x18: [io  0x0170-0x0177]
[    0.410320] pci 0000:00:01.1: legacy IDE quirk: reg 0x1c: [io  0x0376]
[    0.440025] pci 0000:00:07.0: quirk: [io  0x4000-0x403f] claimed by PIIX4 ACPI
[    0.441497] pci 0000:00:07.0: quirk: [io  0x4100-0x410f] claimed by PIIX4 SMB
[    0.477087] ACPI: PCI Interrupt Link [LNKA] (IRQs 5 9 10 *11)
[    0.478807] ACPI: PCI Interrupt Link [LNKB] (IRQs 5 9 *10 11)
[    0.480330] ACPI: PCI Interrupt Link [LNKC] (IRQs 5 *9 10 11)
[    0.481812] ACPI: PCI Interrupt Link [LNKD] (IRQs 5 9 10 *11)
[    0.483064] ACPI: Enabled 2 GPEs in block 00 to 07
[    0.484144] vgaarb: setting as boot device: PCI:0000:00:02.0
[    0.484899] vgaarb: device added: PCI:0000:00:02.0,decodes=io+mem,owns=io+mem,locks=none
[    0.486097] vgaarb: loaded
[    0.486573] vgaarb: bridge control possible 0000:00:02.0
[    0.487774] SCSI subsystem initialized
[    0.488696] ACPI: bus type USB registered
[    0.489513] usbcore: registered new interface driver usbfs
[    0.490463] usbcore: registered new interface driver hub
[    0.491414] usbcore: registered new device driver usb
[    0.492485] PCI: Using ACPI for IRQ routing
[    0.493480] NetLabel: Initializing
[    0.494837] NetLabel:  domain hash size = 128
[    0.496541] NetLabel:  protocols = UNLABELED CIPSOv4
[    0.497893] NetLabel:  unlabeled traffic allowed by default
[    0.499035] amd_nb: Cannot enumerate AMD northbridges
[    0.499954] clocksource: Switched to clocksource kvm-clock
[    0.507565] AppArmor: AppArmor Filesystem Enabled
[    0.508519] pnp: PnP ACPI init
[    0.509932] pnp: PnP ACPI: found 3 devices
[    0.519505] clocksource: acpi_pm: mask: 0xffffff max_cycles: 0xffffff, max_idle_ns: 2085701024 ns
[    0.520846] NET: Registered protocol family 2
[    0.521625] TCP established hash table entries: 16384 (order: 5, 131072 bytes)
[    0.522704] TCP bind hash table entries: 16384 (order: 6, 262144 bytes)
[    0.523578] TCP: Hash tables configured (established 16384 bind 16384)
[    0.524589] UDP hash table entries: 1024 (order: 3, 32768 bytes)
[    0.525501] UDP-Lite hash table entries: 1024 (order: 3, 32768 bytes)
[    0.526453] NET: Registered protocol family 1
[    0.527143] pci 0000:00:00.0: Limiting direct PCI/PCI transfers
[    0.528037] pci 0000:00:01.0: Activating ISA DMA hang workarounds
[    0.529002] Unpacking initramfs...
[    0.703196] Freeing initrd memory: 14828K
[    0.704065] platform rtc_cmos: registered platform RTC device (no PNP device found)
[    0.705224] Scanning for low memory corruption every 60 seconds
[    0.706327] audit: initializing netlink subsys (disabled)
[    0.707074] audit: type=2000 audit(1576570903.448:1): initialized
[    0.708078] Initialise system trusted keyring
[    0.708852] HugeTLB registered 2 MB page size, pre-allocated 0 pages
[    0.710748] zbud: loaded
[    0.711503] VFS: Disk quotas dquot_6.6.0
[    0.712115] VFS: Dquot-cache hash table entries: 512 (order 0, 4096 bytes)
[    0.713212] squashfs: version 4.0 (2009/01/31) Phillip Lougher
[    0.714217] fuse init (API version 7.23)
[    0.714900] Key type big_key registered
[    0.715486] Allocating IMA MOK and blacklist keyrings.
[    0.725308] Key type asymmetric registered
[    0.725926] Asymmetric key parser 'x509' registered
[    0.726634] Block layer SCSI generic (bsg) driver version 0.4 loaded (major 249)
[    0.727748] io scheduler noop registered
[    0.728358] io scheduler deadline registered (default)
[    0.729082] io scheduler cfq registered
[    0.729742] pci_hotplug: PCI Hot Plug PCI Core version: 0.5
[    0.730491] pciehp: PCI Express Hot Plug Controller Driver version: 0.4
[    0.731430] ACPI: AC Adapter [AC] (on-line)
[    0.732083] input: Power Button as /devices/LNXSYSTM:00/LNXPWRBN:00/input/input0
[    0.733195] ACPI: Power Button [PWRF]
[    0.733807] input: Sleep Button as /devices/LNXSYSTM:00/LNXSLPBN:00/input/input1
[    0.734886] ACPI: Sleep Button [SLPF]
[    0.735574] GHES: HEST is not enabled!
[    0.736210] Serial: 8250/16550 driver, 32 ports, IRQ sharing enabled
[    0.757397] 00:02: ttyS0 at I/O 0x3f8 (irq = 4, base_baud = 115200) is a 16550A
[    0.763528] Linux agpgart interface v0.103
[    0.766138] loop: module loaded
[    0.767125] scsi host0: ata_piix
[    0.767754] scsi host1: ata_piix
[    0.768336] ata1: PATA max UDMA/33 cmd 0x1f0 ctl 0x3f6 bmdma 0xd000 irq 14
[    0.769207] ata2: PATA max UDMA/33 cmd 0x170 ctl 0x376 bmdma 0xd008 irq 15
[    0.770157] libphy: Fixed MDIO Bus: probed
[    0.770792] tun: Universal TUN/TAP device driver, 1.6
[    0.771487] tun: (C) 1999-2004 Max Krasnyansky <maxk@qualcomm.com>
[    0.772346] PPP generic driver version 2.4.2
[    0.773015] ehci_hcd: USB 2.0 'Enhanced' Host Controller (EHCI) Driver
[    0.773860] ehci-pci: EHCI PCI platform driver
[    0.774505] ehci-platform: EHCI generic platform driver
[    0.775235] ohci_hcd: USB 1.1 'Open' Host Controller (OHCI) Driver
[    0.776039] ohci-pci: OHCI PCI platform driver
[    0.776701] ohci-platform: OHCI generic platform driver
[    0.777416] uhci_hcd: USB Universal Host Controller Interface driver
[    0.778281] i8042: PNP: PS/2 Controller [PNP0303:PS2K,PNP0f03:PS2M] at 0x60,0x64 irq 1,12
[    0.779837] serio: i8042 KBD port at 0x60,0x64 irq 1
[    0.780551] serio: i8042 AUX port at 0x60,0x64 irq 12
[    0.781326] mousedev: PS/2 mouse device common for all mice
[    0.782445] input: AT Translated Set 2 keyboard as /devices/platform/i8042/serio0/input/input2
[    0.783689] rtc_cmos rtc_cmos: rtc core: registered rtc_cmos as rtc0
[    0.784656] rtc_cmos rtc_cmos: alarms up to one day, 114 bytes nvram
[    0.785496] i2c /dev entries driver
[    0.786083] device-mapper: uevent: version 1.0.3
[    0.786781] device-mapper: ioctl: 4.34.0-ioctl (2015-10-28) initialised: dm-devel@redhat.com
[    0.787980] ledtrig-cpu: registered to indicate activity on CPUs
[    0.789070] NET: Registered protocol family 10
[    0.789852] NET: Registered protocol family 17
[    0.790498] Key type dns_resolver registered
[    0.791296] registered taskstats version 1
[    0.791910] Loading compiled-in X.509 certificates
[    0.793087] Loaded X.509 cert 'Build time autogenerated kernel key: d03773f65dd2b75b701d4dd50cb1e8d0c07b3b6e'
[    0.794430] zswap: loaded using pool lzo/zbud
[    0.796482] Key type trusted registered
[    0.799638] Key type encrypted registered
[    0.800246] AppArmor: AppArmor sha1 policy hashing enabled
[    0.801008] ima: No TPM chip found, activating TPM-bypass!
[    0.801753] ima: Allocated hash algorithm: sha1
[    0.802404] evm: HMAC attrs: 0x1
[    0.804035]   Magic number: 15:982:371
[    0.804680] rtc_cmos rtc_cmos: setting system clock to 2019-12-17 08:21:38 UTC (1576570898)
[    0.806005] BIOS EDD facility v0.16 2004-Jun-25, 0 devices found
[    0.806796] EDD information not available.
[    0.929220] Freeing unused kernel memory: 1484K
[    0.932662] Write protecting the kernel read-only data: 14336k
[    0.938232] Freeing unused kernel memory: 1620K
[    0.942220] Freeing unused kernel memory: 88K
Loading, please wait...
starting version 229
[    0.972180] random: systemd-udevd: uninitialized urandom read (16 bytes read, 3 bits of entropy available)
[    0.973167] random: udevadm: uninitialized urandom read (16 bytes read, 3 bits of entropy available)
[    0.973195] random: udevadm: uninitialized urandom read (16 bytes read, 3 bits of entropy available)
[    0.979313] random: systemd-udevd: uninitialized urandom read (16 bytes read, 3 bits of entropy available)
[    0.981531] random: systemd-udevd: uninitialized urandom read (16 bytes read, 3 bits of entropy available)
[    0.983454] random: systemd-udevd: uninitialized urandom read (16 bytes read, 3 bits of entropy available)
[    0.983953] random: udevadm: uninitialized urandom read (16 bytes read, 3 bits of entropy available)
[    0.984024] random: udevadm: uninitialized urandom read (16 bytes read, 3 bits of entropy available)
[    0.984184] random: udevadm: uninitialized urandom read (16 bytes read, 3 bits of entropy available)
[    0.984243] random: udevadm: uninitialized urandom read (16 bytes read, 3 bits of entropy available)
[    1.023568] Fusion MPT base driver 3.04.20
[    1.074731] Copyright (c) 1999-2008 LSI Corporation
[    1.092126] e1000: Intel(R) PRO/1000 Network Driver - version 7.3.21-k8-NAPI
[    1.093468] e1000: Copyright (c) 1999-2006 Intel Corporation.
[    1.100417] AVX2 version of gcm_enc/dec engaged.
[    1.101184] AES CTR mode by8 optimization enabled
[    1.101991] Fusion MPT SPI Host driver 3.04.20
[    1.301964] input: ImExPS/2 Generic Explorer Mouse as /devices/platform/i8042/serio1/input/input4
[    1.422402] e1000 0000:00:03.0 eth0: (PCI:33MHz:32-bit) 02:30:52:25:60:69
[    1.424176] e1000 0000:00:03.0 eth0: Intel(R) PRO/1000 Network Connection
[    1.699979] tsc: Refined TSC clocksource calibration: 2208.151 MHz
[    1.700928] clocksource: tsc: mask: 0xffffffffffffffff max_cycles: 0x1fd446cff1d, max_idle_ns: 440795233838 ns
[    1.929865] e1000 0000:00:08.0 eth1: (PCI:33MHz:32-bit) 08:00:27:26:95:66
[    1.934352] e1000 0000:00:08.0 eth1: Intel(R) PRO/1000 Network Connection
[    1.942133] e1000 0000:00:08.0 enp0s8: renamed from eth1
[    1.944295] mptbase: ioc0: Initiating bringup
[    1.952113] e1000 0000:00:03.0 enp0s3: renamed from eth0
[    2.015850] ioc0: LSI53C1030 A0: Capabilities={Initiator}
[    3.166392] scsi host2: ioc0: LSI53C1030 A0, FwRev=00000000h, Ports=1, MaxQ=256, IRQ=20
[    3.675691] scsi 2:0:0:0: Direct-Access     VBOX     HARDDISK         1.0  PQ: 0 ANSI: 5
[    3.677344] scsi target2:0:0: Beginning Domain Validation
[    3.679506] scsi target2:0:0: Domain Validation skipping write tests
[    3.680858] scsi target2:0:0: Ending Domain Validation
[    3.682072] scsi target2:0:0: asynchronous
[    3.683659] scsi 2:0:1:0: Direct-Access     VBOX     HARDDISK         1.0  PQ: 0 ANSI: 5
[    3.685258] scsi target2:0:1: Beginning Domain Validation
[    3.687277] scsi target2:0:1: Domain Validation skipping write tests
[    3.688403] scsi target2:0:1: Ending Domain Validation
[    3.699225] scsi target2:0:1: asynchronous
[    3.707127] sd 2:0:0:0: [sda] 20971520 512-byte logical blocks: (10.7 GB/10.0 GiB)
[    3.707292] sd 2:0:0:0: Attached scsi generic sg0 type 0
[    3.707761] sd 2:0:1:0: Attached scsi generic sg1 type 0
[    3.712884] sd 2:0:1:0: [sdb] 20480 512-byte logical blocks: (10.5 MB/10.0 MiB)
[    3.712922] sd 2:0:0:0: [sda] Write Protect is off
[    3.713003] sd 2:0:0:0: [sda] Incomplete mode parameter data
[    3.713004] sd 2:0:0:0: [sda] Assuming drive cache: write through
[    3.717996] sd 2:0:1:0: [sdb] Write Protect is off
[    3.718798] sd 2:0:1:0: [sdb] Incomplete mode parameter data
[    3.719107]  sda: sda1
[    3.720384] sd 2:0:0:0: [sda] Attached SCSI disk
[    3.721345] sd 2:0:1:0: [sdb] Assuming drive cache: write through
[    3.724764] sd 2:0:1:0: [sdb] Attached SCSI disk
Begin: Loading essential drivers ... [    5.006588] md: linear personality registered for level -1
[    5.009146] md: multipath personality registered for level -4
[    5.011763] md: raid0 personality registered for level 0
[    5.015177] md: raid1 personality registered for level 1
[    5.084016] raid6: sse2x1   gen() 11864 MB/s
[    5.152010] raid6: sse2x1   xor()  8889 MB/s
[    5.220012] raid6: sse2x2   gen() 14487 MB/s
[    5.288013] raid6: sse2x2   xor()  9797 MB/s
[    5.355977] raid6: sse2x4   gen() 15795 MB/s
[    5.424005] raid6: sse2x4   xor() 11235 MB/s
[    5.492005] raid6: avx2x1   gen() 23568 MB/s
[    5.560008] raid6: avx2x2   gen() 27198 MB/s
[    5.628005] raid6: avx2x4   gen() 29351 MB/s
[    5.628679] raid6: using algorithm avx2x4 gen() 29351 MB/s
[    5.629486] raid6: using avx2x2 recovery algorithm
[    5.631300] xor: automatically using best checksumming function:
[    5.704997]    avx       : 78459.000 MB/sec
[    5.706773] async_tx: api initialized (async)
[    5.714974] md: raid6 personality registered for level 6
[    5.715809] md: raid5 personality registered for level 5
[    5.716668] md: raid4 personality registered for level 4
[    5.721949] md: raid10 personality registered for level 10
done.
Begin: Running /scripts/init-premount ... done.
Begin: Mounting root file system ... Begin: Running /scripts/local-top ... done.
Begin: Running /scripts/local-premount ... [    5.748087] Btrfs loaded
Scanning for Btrfs filesystems
done.
Warning: fsck not present, so skipping root file system
[    5.770350] EXT4-fs (sda1): INFO: recovery required on readonly filesystem
[    5.771257] EXT4-fs (sda1): write access will be enabled during recovery
[    5.859007] EXT4-fs (sda1): orphan cleanup on readonly fs
[    5.863840] EXT4-fs (sda1): 6 orphan inodes deleted
[    5.864669] EXT4-fs (sda1): recovery complete
[    5.865858] EXT4-fs (sda1): mounted filesystem with ordered data mode. Opts: (null)
done.
Begin: Running /scripts/local-bottom ... done.
Begin: Running /scripts/init-bottom ... done.
[    6.001195] systemd[1]: systemd 229 running in system mode. (+PAM +AUDIT +SELINUX +IMA +APPARMOR +SMACK +SYSVINIT +UTMP +LIBCRYPTSETUP +GCRYPT +GNUTLS +ACL +XZ -LZ4 +SECCOMP +BLKID +ELFUTILS +KMOD -IDN)
[    6.006142] systemd[1]: Detected virtualization oracle.
[    6.007651] systemd[1]: Detected architecture x86-64.

Welcome to [1mUbuntu 16.04.6 LTS[0m!

[    6.013246] systemd[1]: Set hostname to <ubuntu-xenial>.
[    6.172192] systemd[1]: Started Forward Password Requests to Wall Directory Watch.
[[0;32m  OK  [0m] Started Forward Password Requests to Wall Directory Watch.
[    6.174593] systemd[1]: Created slice System Slice.
[[0;32m  OK  [0m] Created slice System Slice.
[    6.176063] systemd[1]: Listening on Device-mapper event daemon FIFOs.
[[0;32m  OK  [0m] Listening on Device-mapper event daemon FIFOs.
[    6.177987] systemd[1]: Created slice system-serial\x2dgetty.slice.
[[0;32m  OK  [0m] Created slice system-serial\x2dgetty.slice.
[    6.179677] systemd[1]: Listening on udev Control Socket.
[[0;32m  OK  [0m] Listening on udev Control Socket.
[    6.181227] systemd[1]: Listening on udev Kernel Socket.
[[0;32m  OK  [0m] Listening on udev Kernel Socket.
[    6.182724] systemd[1]: Reached target System Time Synchronized.
[[0;32m  OK  [0m] Reached target System Time Synchronized.
[    6.184401] systemd[1]: Listening on LVM2 poll daemon socket.
[[0;32m  OK  [0m] Listening on LVM2 poll daemon socket.
[    6.186017] systemd[1]: Listening on Journal Socket.
[[0;32m  OK  [0m] Listening on Journal Socket.
[    6.196063] systemd[1]: Mounting Huge Pages File System...
         Mounting Huge Pages File System...
[    6.198599] systemd[1]: Starting Create list of required static device nodes for the current kernel...
         Starting Create list of required st... nodes for the current kernel...
[    6.201661] systemd[1]: Starting Uncomplicated firewall...
         Starting Uncomplicated firewall...
[    6.203699] systemd[1]: Starting Remount Root and Kernel File Systems...
         Starting Remount Root and Kernel File Systems...
[    6.206619] systemd[1]: Reached target User and Group Name Lookups.
[[0;32m  OK  [0m] Reached target User and Group Name Lookups.
[    6.208841] systemd[1]: Listening on LVM2 metadata daemon socket.
[[0;32m  OK  [0m] Listening on LVM2 metadata daemon socket.
[    6.210618] EXT4-fs (sda1): re-mounted. Opts: (null)
[    6.211012] systemd[1]: Starting Monitoring of LVM2 mirrors, snapshots etc. using dmeventd or progress polling...
         Starting Monitoring of LVM2 mirrors... dmeventd or progress polling...
[    6.215625] systemd[1]: Starting Load Kernel Modules...
         Starting Load Kernel Modules...
[    6.217127] systemd[1]: Listening on Syslog Socket.
[[0;32m  OK  [0m] Listening on Syslog Socket.
[    6.218919] systemd[1]: Created slice User and Session Slice.
[[0;32m  OK  [0m] Created slice User and Session Slice.
[    6.220459] systemd[1]: Reached target Slices.
[[0;32m  OK  [0m] Reached target Slices.
[    6.222334] systemd[1]: Mounting Debug File System...
         Mounting Debug File System...
[    6.224425] systemd[1]: Starting Set console keymap...
         Starting Set console keymap...
[    6.226408] systemd[1]: Listening on Journal Audit Socket.
[[0;32m  OK  [0m] Listening on Journal Audit Socket.
[    6.228239] systemd[1]: Reached target Swap.
[[0;32m  OK  [0m] Reached target Swap.
[    6.229564] Loading iSCSI transport class v2.0-870.
[    6.230859] systemd[1]: Mounting POSIX Message Queue File System...
         Mounting POSIX Message Queue File System...
[    6.234144] systemd[1]: Listening on Journal Socket (/dev/log).
[[0;32m  OK  [0m] Listening on Journal Socket (/dev/log).
[    6.237605] systemd[1]: Starting Journal Service...
         Starting Journal Service...
[    6.239285] systemd[1]: Listening on /dev/initctl Compatibility Named Pipe.
[[0;32m  OK  [0m] Listening on /dev/initctl Compatibility Named Pipe.
[    6.240960] iscsi: registered transport (tcp)
[    6.242210] systemd[1]: Starting Nameserver information manager...
         Starting Nameserver information manager...
[    6.244741] systemd[1]: Set up automount Arbitrary Executable File Formats File System Automount Point.
[[0;32m  OK  [0m] Set up automount Arbitrary Executab...ats File System Automount Point.
[    6.247764] systemd[1]: Started Trigger resolvconf update for networkd DNS.
[[0;32m  OK  [0m] Started Trigger resolvconf update for networkd DNS.
[    6.249523] systemd[1]: Reached target Encrypted Volumes.
[[0;32m  OK  [0m] Reached target Encrypted Volumes.
[    6.251880] systemd[1]: Mounted POSIX Message Queue File System.
[[0;32m  OK  [0m] Mounted POSIX Message Queue File System.
[    6.253374] systemd[1]: Mounted Debug File System.
[[0;32m  OK  [0m] Mounted Debug File System.
[    6.258461] systemd[1]: Mounted Huge Pages File System.
[[0;32m  OK  [0m] Mounted Huge Pages File System.
[    6.260712] systemd[1]: Started Create list of required static device nodes for the current kernel.
[[0;32m  OK  [0m] Started Create list of required sta...ce nodes for the current kernel.
[    6.265015] systemd[1]: Started Uncomplicated firewall.
[[0;32m  OK  [0m] Started Uncomplicated firewall.
[    6.266765] systemd[1]: Started Remount Root and Kernel File Systems.
[[0;32m  OK  [0m] Started Remount Root and Kernel File Systems.
[    6.280788] systemd[1]: Started Set console keymap.
[[0;32m  OK  [0m] Started Set console keymap.
[    6.283318] systemd[1]: Started Nameserver information manager.
[[0;32m  OK  [0m] Started Nameserver information manager.
[    6.289428] systemd[1]: Started Journal Service.
[[0;32m  OK  [0m] Started Journal Service.
[    6.297937] iscsi: registered transport (iser)
[[0;32m  OK  [0m] Started Load Kernel Modules.
[    6.304898] random: nonblocking pool is initialized
         Starting Apply Kernel Variables...
         Mounting FUSE Control File System...
[[0;32m  OK  [0m] Started LVM2 metadata daemon.
         Starting Flush Journal to Persistent Storage...
         Starting udev Coldplug all Devices...
         Starting Load/Save Random Seed...
         Starting Create Static Device Nodes in /dev...
[[0;32m  OK  [0m] Mounted FUSE Control File System.
[[0;32m  OK  [0m] Started Apply Kernel Variables.
[[0;32m  OK  [0m] Started Load/Save Random Seed.
[[0;32m  OK  [0m] Started Create Static Device Nodes in /dev.
[[0;32m  OK  [0m] Started Flush Journal to Persistent Storage.
         Starting udev Kernel Device Manager...
[[0;32m  OK  [0m] Started udev Coldplug all Devices.
[[0;32m  OK  [0m] Started udev Kernel Device Manager.
[[0;32m  OK  [0m] Started Dispatch Password Requests to Console Directory Watch.
[[0;32m  OK  [0m] Found device /dev/ttyS0.
[[0;32m  OK  [0m] Listening on Load/Save RF Kill Switch Status /dev/rfkill Watch.
[[0;32m  OK  [0m] Found device 82540EM Gigabit Ethern...r (PRO/1000 MT Desktop Adapter).
[[0;32m  OK  [0m] Found device 82540EM Gigabit Ethern...r (PRO/1000 MT Desktop Adapter).
[[0;32m  OK  [0m] Started Monitoring of LVM2 mirrors,...ng dmeventd or progress polling.
[[0;32m  OK  [0m] Reached target Local File Systems (Pre).
[[0;32m  OK  [0m] Reached target Local File Systems.
         Starting Create Volatile Files and Directories...
         Starting Tell Plymouth To Write Out Runtime Data...
         Starting Initial cloud-init job (pre-networking)...
         Starting LSB: AppArmor initialization...
         Starting Set console font and keymap...
[[0;32m  OK  [0m] Started Create Volatile Files and Directories.
[[0;32m  OK  [0m] Started Tell Plymouth To Write Out Runtime Data.
         Starting Update UTMP about System Boot/Shutdown...
[[0;32m  OK  [0m] Started Update UTMP about System Boot/Shutdown.
[[0;32m  OK  [0m] Started LSB: AppArmor initialization.
[[0;32m  OK  [0m] Started Set console font and keymap.
[[0;32m  OK  [0m] Created slice system-getty.slice.
[    7.422861] cloud-init[639]: Cloud-init v. 18.5-45-g3554ffe8-0ubuntu1~16.04.1 running 'init-local' at Tue, 17 Dec 2019 08:21:45 +0000. Up 7.22 seconds.
[[0;32m  OK  [0m] Started Initial cloud-init job (pre-networking).
[[0;32m  OK  [0m] Reached target Network (Pre).
         Starting Raise network interfaces...
[[0;32m  OK  [0m] Started ifup for enp0s3.
[[0;32m  OK  [0m] Started ifup for enp0s8.
[[0;32m  OK  [0m] Started Raise network interfaces.
         Starting Initial cloud-init job (metadata service crawler)...
[[0;32m  OK  [0m] Reached target Network.
[    8.070187] cloud-init[1067]: Cloud-init v. 18.5-45-g3554ffe8-0ubuntu1~16.04.1 running 'init' at Tue, 17 Dec 2019 08:21:45 +0000. Up 7.83 seconds.
[    8.071969] cloud-init[1067]: ci-info: ++++++++++++++++++++++++++++++++++++++Net device info+++++++++++++++++++++++++++++++++++++++
[    8.074365] cloud-init[1067]: ci-info: +--------+------+-----------------------------+---------------+--------+-------------------+
[    8.076734] cloud-init[1067]: ci-info: | Device |  Up  |           Address           |      Mask     | Scope  |     Hw-Address    |
[    8.079109] cloud-init[1067]: ci-info: +--------+------+-----------------------------+---------------+--------+-------------------+
[    8.081239] cloud-init[1067]: ci-info: | enp0s3 | True |          10.0.2.15          | 255.255.255.0 | global | 02:30:52:25:60:69 |
[    8.082865] cloud-init[1067]: ci-info: | enp0s3 | True |  fe80::30:52ff:fe25:6069/64 |       .       |  link  | 02:30:52:25:60:69 |
[    8.084453] cloud-init[1067]: ci-info: | enp0s8 | True |        192.168.33.10        | 255.255.255.0 | global | 08:00:27:26:95:66 |
[    8.085995] cloud-init[1067]: ci-info: | enp0s8 | True | fe80::a00:27ff:fe26:9566/64 |       .       |  link  | 08:00:27:26:95:66 |
[    8.087673] cloud-init[1067]: ci-info: |   lo   | True |          127.0.0.1          |   255.0.0.0   |  host  |         .         |
[    8.089343] cloud-init[1067]: ci-info: |   lo   | True |           ::1/128           |       .       |  host  |         .         |
[    8.090953] cloud-init[1067]: ci-info: +--------+------+-----------------------------+---------------+--------+-------------------+
[    8.092431] cloud-init[1067]: ci-info: ++++++++++++++++++++++++++++Route IPv4 info++++++++++++++++++++++++++++
[    8.093740] cloud-init[1067]: ci-info: +-------+--------------+----------+---------------+-----------+-------+
[    8.095003] cloud-init[1067]: ci-info: | Route | Destination  | Gateway  |    Genmask    | Interface | Flags |
[    8.096310] cloud-init[1067]: ci-info: +-------+--------------+----------+---------------+-----------+-------+
[    8.097959] cloud-init[1067]: ci-info: |   0   |   0.0.0.0    | 10.0.2.2 |    0.0.0.0    |   enp0s3  |   UG  |
[    8.099198] cloud-init[1067]: ci-info: |   1   |   10.0.2.0   | 0.0.0.0  | 255.255.255.0 |   enp0s3  |   U   |
[    8.100488] cloud-init[1067]: ci-info: |   2   | 192.168.33.0 | 0.0.0.0  | 255.255.255.0 |   enp0s8  |   U   |
[    8.101725] cloud-init[1067]: ci-info: +-------+--------------+----------+---------------+-----------+-------+
[    8.102977] cloud-init[1067]: ci-info: +++++++++++++++++++Route IPv6 info+++++++++++++++++++
[    8.104091] cloud-init[1067]: ci-info: +-------+-------------+---------+-----------+-------+
[    8.105237] cloud-init[1067]: ci-info: | Route | Destination | Gateway | Interface | Flags |
[    8.106354] cloud-init[1067]: ci-info: +-------+-------------+---------+-----------+-------+
[    8.107471] cloud-init[1067]: ci-info: |   0   |  fe80::/64  |    ::   |   enp0s8  |   U   |
[    8.108551] cloud-init[1067]: ci-info: |   1   |  fe80::/64  |    ::   |   enp0s3  |   U   |
[    8.109621] [[0;32m  OK  [0m] Started Initial cloud-init job (metadata service crawler).
[[0;32m  OK  [0m] Reached target System Initialization.
[[0;32m  OK  [0m] Started Daily Cleanup of Temporary Directories.
[[0;32m  OK  [0m] Listening on ACPID Listen Socket.
cloud-init[1067]: ci-info: |   4   |   ff00::/8  |    ::   |   enp0s8  |   U   |
[    8.112390]          Starting LXD - unix socket.
         Starting Socket activation for snappy daemon.
[[0;32m  OK  [0m] Listening on UUID daemon activation socket.
[[0;32m  OK  [0m] Listening on D-Bus System Message Bus Socket.
cloud-init[1067]: ci-info: |   5   |   ff00::/8  |    ::   |   enp0s3  |   U   |
[    8.115578] [[0;32m  OK  [0m] Started ACPI Events Check.
[[0;32m  OK  [0m] Reached target Paths.
cloud-init[1067]: ci-info: +-------+-------------+---------+-----------+-------+
[[0;32m  OK  [0m] Started Daily apt download activities.
[[0;32m  OK  [0m] Started Daily apt upgrade and clean activities.
[[0;32m  OK  [0m] Started Clean PHP session files every 30 mins.
[[0;32m  OK  [0m] Reached target Timers.
[[0;32m  OK  [0m] Reached target Network is Online.
         Starting iSCSI initiator daemon (iscsid)...
[[0;32m  OK  [0m] Reached target Cloud-config availability.
[[0;32m  OK  [0m] Listening on LXD - unix socket.
[[0;32m  OK  [0m] Listening on Socket activation for snappy daemon.
[[0;32m  OK  [0m] Reached target Sockets.
[[0;32m  OK  [0m] Reached target Basic System.
[[0;32m  OK  [0m] Started Regular background program processing daemon.
         Starting Login Service...
         Starting LXD - container startup/shutdown...
[[0;32m  OK  [0m] Started Unattended Upgrades Shutdown.
         Starting Accounts Service...
         Starting MySQL Community Server...
[[0;32m  OK  [0m] Started Deferred execution scheduler.
         Starting Virtualbox guest utils...
         Starting Clean php session files...
         Starting LSB: Record successful boot for GRUB...
[[0;32m  OK  [0m] Started FUSE filesystem for LXC.
[[0;32m  OK  [0m] Started ACPI event daemon.
         Starting LSB: MD monitoring daemon...
         Starting System Logging Service...
         Starting OpenBSD Secure Shell server...
[[0;32m  OK  [0m] Started D-Bus System Message Bus.
         Starting /etc/rc.local Compatibility...
         Starting Snappy daemon...
[[0;32m  OK  [0m] Started System Logging Service.
[[0;32m  OK  [0m] Started iSCSI initiator daemon (iscsid).
[[0;32m  OK  [0m] Started /etc/rc.local Compatibility.
[[0;32m  OK  [0m] Started OpenBSD Secure Shell server.
[[0;32m  OK  [0m] Started Login Service.
         Starting Authenticate and Authorize Users to Run Privileged Tasks...
         Starting Login to default iSCSI targets...
[[0;32m  OK  [0m] Started LSB: Record successful boot for GRUB.
[[0;32m  OK  [0m] Started LSB: MD monitoring daemon.
[[0;32m  OK  [0m] Started Authenticate and Authorize Users to Run Privileged Tasks.
[[0;32m  OK  [0m] Started Accounts Service.
[[0;32m  OK  [0m] Started Login to default iSCSI targets.
[[0;32m  OK  [0m] Reached target Remote File Systems (Pre).
[[0;32m  OK  [0m] Reached target Remote File Systems.
         Starting LSB: automatic crash report generation...
         Starting LSB: Set the CPU Frequency Scaling governor to "ondemand"...
         Starting Permit User Sessions...
         Starting LSB: Apache2 web server...
         Starting LSB: daemon to balance interrupts for SMP systems...
[[0;32m  OK  [0m] Started Virtualbox guest utils.
[[0;32m  OK  [0m] Started Permit User Sessions.
[[0;32m  OK  [0m] Started LSB: Set the CPU Frequency Scaling governor to "ondemand".
[[0;32m  OK  [0m] Started LXD - container startup/shutdown.
         Starting Terminate Plymouth Boot Screen...
         Starting Hold until boot process finishes up...
[[0;32m  OK  [0m] Started LSB: automatic crash report generation.
[[0;32m  OK  [0m] Started LSB: daemon to balance interrupts for SMP systems.
[[0;32m  OK  [0m] Started Hold until boot process finishes up.
[[0;32m  OK  [0m] Started Getty on tty1.
[[0;32m  OK  [0m] Started Serial Getty on ttyS0.
[[0;32m  OK  [0m] Reached target Login Prompts.
         Starting Set console scheme...
[[0;32m  OK  [0m] Started Terminate Plymouth Boot Screen.
[[0;32m  OK  [0m] Started Set console scheme.
[[0;32m  OK  [0m] Started Snappy daemon.
         Starting Wait until snapd is fully seeded...
[[0;32m  OK  [0m] Started Clean php session files.
[[0;32m  OK  [0m] Started Wait until snapd is fully seeded.
         Starting Apply the settings specified in cloud-config...
[    9.273651] cloud-init[1400]: Cloud-init v. 18.5-45-g3554ffe8-0ubuntu1~16.04.1 running 'modules:config' at Tue, 17 Dec 2019 08:21:47 +0000. Up 9.13 seconds.
[[0;32m  OK  [0m] Started Apply the settings specified in cloud-config.
[[0;32m  OK  [0m] Started MySQL Community Server.
[[0;32m  OK  [0m] Started LSB: Apache2 web server.
[[0;32m  OK  [0m] Reached target Multi-User System.
         Starting Execute cloud user/final scripts...
[[0;32m  OK  [0m] Reached target Graphical Interface.
         Starting Update UTMP about System Runlevel Changes...
[[0;32m  OK  [0m] Started Update UTMP about System Runlevel Changes.
[   10.233742] cloud-init[1449]: Cloud-init v. 18.5-45-g3554ffe8-0ubuntu1~16.04.1 running 'modules:final' at Tue, 17 Dec 2019 08:21:48 +0000. Up 10.16 seconds.
[   10.235340] cloud-init[1449]: Cloud-init v. 18.5-45-g3554ffe8-0ubuntu1~16.04.1 finished at Tue, 17 Dec 2019 08:21:48 +0000. Datasource DataSourceNoCloud [seed=/dev/sdb][dsmode=net].  Up 10.22 seconds
[[0;32m  OK  [0m] Started Execute cloud user/final scripts.
         Starting Daily apt download activities...
[[0;32m  OK  [0m] Reached target Cloud-init target.
[[0;32m  OK  [0m] Created slice User Slice of vagrant.
         Starting User Manager for UID 1000...
[[0;32m  OK  [0m] Started Session 1 of user vagrant.
[[0;32m  OK  [0m] Started User Manager for UID 1000.

Ubuntu 16.04.6 LTS ubuntu-xenial ttyS0

ubuntu-xenial login: [[0;32m  OK  [0m] Started ACPI event daemon.
[[0;32m  OK  [0m] Started ACPI event daemon.
[[0;32m  OK  [0m] Started ACPI event daemon.
[[0;32m  OK  [0m] Started ACPI event daemon.
[[0;32m  OK  [0m] Started ACPI event daemon.
[  OK  ] Started ACPI event daemon.
[  OK  ] Started Trigger resolvconf update for networkd DNS.
[  OK  ] Started ACPI event daemon.
[  OK  ] Started ACPI event daemon.
[  OK  ] Started ACPI event daemon.
[  OK  ] Closed Unix socket for apport crash forwarding.
[  OK  ] Started ACPI event daemon.
         Stopping LSB: automatic crash report generation...
[  OK  ] Stopped LSB: automatic crash report generation.
[  OK  ] Started ACPI event daemon.
[  OK  ] Started ACPI event daemon.
[  OK  ] Started ACPI event daemon.
[  OK  ] Started ACPI event daemon.
[  OK  ] Started ACPI event daemon.
[  OK  ] Stopped target Sockets.
         Stopping Sockets.
[  OK  ] Reached target Sockets.
[  OK  ] Started ACPI event daemon.
[  OK  ] Started ACPI event daemon.
         Stopping udev Kernel Device Manager...
[  OK  ] Stopped udev Kernel Device Manager.
         Starting udev Kernel Device Manager...
[  OK  ] Started udev Kernel Device Manager.
[  OK  ] Started ACPI event daemon.
[  OK  ] Started ACPI event daemon.
[  OK  ] Started ACPI event daemon.
[  OK  ] Started ACPI event daemon.
         Starting LSB: automatic crash report generation...
[  OK  ] Started LSB: automatic crash report generation.
[  OK  ] Started ACPI event daemon.
[  OK  ] Started ACPI event daemon.
[  OK  ] Started ACPI event daemon.
         Stopping Authenticate and Authorize Users to Run Privileged Tasks...
[  OK  ] Stopped Authenticate and Authorize Users to Run Privileged Tasks.
         Starting Authenticate and Authorize Users to Run Privileged Tasks...
[  OK  ] Started Authenticate and Authorize Users to Run Privileged Tasks.
[  OK  ] Started Daily apt upgrade and clean activities.
