[    0.000000] Initializing cgroup subsys cpuset
[    0.000000] Initializing cgroup subsys cpu
[    0.000000] Initializing cgroup subsys cpuacct
[    0.000000] Linux version 4.4.0-170-generic (buildd@lcy01-amd64-019) (gcc version 5.4.0 20160609 (Ubuntu 5.4.0-6ubuntu1~16.04.12) ) #199-Ubuntu SMP Thu Nov 14 01:45:04 UTC 2019 (Ubuntu 4.4.0-170.199-generic 4.4.200)
[    0.000000] Command line: BOOT_IMAGE=/boot/vmlinuz-4.4.0-170-generic root=UUID=2f3ad447-cc37-48da-a5e8-d7f16b7f0182 ro console=tty1 console=ttyS0
[    0.000000] KERNEL supported cpus:
[    0.000000]   Intel GenuineIntel
[    0.000000]   AMD AuthenticAMD
[    0.000000]   Centaur CentaurHauls
[    0.000000] x86/fpu: xstate_offset[2]:  576, xstate_sizes[2]:  256
[    0.000000] x86/fpu: Supporting XSAVE feature 0x01: 'x87 floating point registers'
[    0.000000] x86/fpu: Supporting XSAVE feature 0x02: 'SSE registers'
[    0.000000] x86/fpu: Supporting XSAVE feature 0x04: 'AVX registers'
[    0.000000] x86/fpu: Enabled xstate features 0x7, context size is 832 bytes, using 'standard' format.
[    0.000000] e820: BIOS-provided physical RAM map:
[    0.000000] BIOS-e820: [mem 0x0000000000000000-0x000000000009fbff] usable
[    0.000000] BIOS-e820: [mem 0x000000000009fc00-0x000000000009ffff] reserved
[    0.000000] BIOS-e820: [mem 0x00000000000f0000-0x00000000000fffff] reserved
[    0.000000] BIOS-e820: [mem 0x0000000000100000-0x000000007ffeffff] usable
[    0.000000] BIOS-e820: [mem 0x000000007fff0000-0x000000007fffffff] ACPI data
[    0.000000] BIOS-e820: [mem 0x00000000fec00000-0x00000000fec00fff] reserved
[    0.000000] BIOS-e820: [mem 0x00000000fee00000-0x00000000fee00fff] reserved
[    0.000000] BIOS-e820: [mem 0x00000000fffc0000-0x00000000ffffffff] reserved
[    0.000000] NX (Execute Disable) protection: active
[    0.000000] SMBIOS 2.5 present.
[    0.000000] Hypervisor detected: KVM
[    0.000000] e820: last_pfn = 0x7fff0 max_arch_pfn = 0x400000000
[    0.000000] MTRR: Disabled
[    0.000000] x86/PAT: MTRRs disabled, skipping PAT initialization too.
[    0.000000] CPU MTRRs all blank - virtualized system.
[    0.000000] x86/PAT: Configuration [0-7]: WB  WT  UC- UC  WB  WT  UC- UC  
[    0.000000] found SMP MP-table at [mem 0x0009fff0-0x0009ffff] mapped at [ffff88000009fff0]
[    0.000000] Scanning 1 areas for low memory corruption
[    0.000000] RAMDISK: [mem 0x361de000-0x370e6fff]
[    0.000000] ACPI: Early table checksum verification disabled
[    0.000000] ACPI: RSDP 0x00000000000E0000 000024 (v02 VBOX  )
[    0.000000] ACPI: XSDT 0x000000007FFF0030 00003C (v01 VBOX   VBOXXSDT 00000001 ASL  00000061)
[    0.000000] ACPI: FACP 0x000000007FFF00F0 0000F4 (v04 VBOX   VBOXFACP 00000001 ASL  00000061)
[    0.000000] ACPI: DSDT 0x000000007FFF0470 0022EA (v02 VBOX   VBOXBIOS 00000002 INTL 20180105)
[    0.000000] ACPI: FACS 0x000000007FFF0200 000040
[    0.000000] ACPI: FACS 0x000000007FFF0200 000040
[    0.000000] ACPI: APIC 0x000000007FFF0240 00005C (v02 VBOX   VBOXAPIC 00000001 ASL  00000061)
[    0.000000] ACPI: SSDT 0x000000007FFF02A0 0001CC (v01 VBOX   VBOXCPUT 00000002 INTL 20180105)
[    0.000000] No NUMA configuration found
[    0.000000] Faking a node at [mem 0x0000000000000000-0x000000007ffeffff]
[    0.000000] NODE_DATA(0) allocated [mem 0x7ffeb000-0x7ffeffff]
[    0.000000] kvm-clock: Using msrs 4b564d01 and 4b564d00
[    0.000000] kvm-clock: cpu 0, msr 0:7ffe3001, primary cpu clock
[    0.000000] kvm-clock: using sched offset of 3215935317 cycles
[    0.000000] clocksource: kvm-clock: mask: 0xffffffffffffffff max_cycles: 0x1cd42e4dffb, max_idle_ns: 881590591483 ns
[    0.000000] Zone ranges:
[    0.000000]   DMA      [mem 0x0000000000001000-0x0000000000ffffff]
[    0.000000]   DMA32    [mem 0x0000000001000000-0x000000007ffeffff]
[    0.000000]   Normal   empty
[    0.000000]   Device   empty
[    0.000000] Movable zone start for each node
[    0.000000] Early memory node ranges
[    0.000000]   node   0: [mem 0x0000000000001000-0x000000000009efff]
[    0.000000]   node   0: [mem 0x0000000000100000-0x000000007ffeffff]
[    0.000000] Initmem setup node 0 [mem 0x0000000000001000-0x000000007ffeffff]
[    0.000000] ACPI: PM-Timer IO Port: 0x4008
[    0.000000] IOAPIC[0]: apic_id 2, version 32, address 0xfec00000, GSI 0-23
[    0.000000] ACPI: INT_SRC_OVR (bus 0 bus_irq 0 global_irq 2 dfl dfl)
[    0.000000] ACPI: INT_SRC_OVR (bus 0 bus_irq 9 global_irq 9 low level)
[    0.000000] Using ACPI (MADT) for SMP configuration information
[    0.000000] smpboot: Allowing 2 CPUs, 0 hotplug CPUs
[    0.000000] PM: Registered nosave memory: [mem 0x00000000-0x00000fff]
[    0.000000] PM: Registered nosave memory: [mem 0x0009f000-0x0009ffff]
[    0.000000] PM: Registered nosave memory: [mem 0x000a0000-0x000effff]
[    0.000000] PM: Registered nosave memory: [mem 0x000f0000-0x000fffff]
[    0.000000] e820: [mem 0x80000000-0xfebfffff] available for PCI devices
[    0.000000] Booting paravirtualized kernel on KVM
[    0.000000] clocksource: refined-jiffies: mask: 0xffffffff max_cycles: 0xffffffff, max_idle_ns: 7645519600211568 ns
[    0.000000] setup_percpu: NR_CPUS:512 nr_cpumask_bits:512 nr_cpu_ids:2 nr_node_ids:1
[    0.000000] PERCPU: Embedded 33 pages/cpu @ffff88007fc00000 s95448 r8192 d31528 u1048576
[    0.000000] Built 1 zonelists in Node order, mobility grouping on.  Total pages: 515960
[    0.000000] Policy zone: DMA32
[    0.000000] Kernel command line: BOOT_IMAGE=/boot/vmlinuz-4.4.0-170-generic root=UUID=2f3ad447-cc37-48da-a5e8-d7f16b7f0182 ro console=tty1 console=ttyS0
[    0.000000] PID hash table entries: 4096 (order: 3, 32768 bytes)
[    0.000000] Memory: 2029352K/2096696K available (8626K kernel code, 1336K rwdata, 4036K rodata, 1488K init, 1288K bss, 67344K reserved, 0K cma-reserved)
[    0.000000] SLUB: HWalign=64, Order=0-3, MinObjects=0, CPUs=2, Nodes=1
[    0.000000] Kernel/User page tables isolation: enabled
[    0.000000] Hierarchical RCU implementation.
[    0.000000] 	Build-time adjustment of leaf fanout to 64.
[    0.000000] 	RCU restricting CPUs from NR_CPUS=512 to nr_cpu_ids=2.
[    0.000000] RCU: Adjusting geometry for rcu_fanout_leaf=64, nr_cpu_ids=2
[    0.000000] NR_IRQS:33024 nr_irqs:440 16
[    0.000000] Console: colour VGA+ 80x25
[    0.000000] console [tty1] enabled
[    0.000000] console [ttyS0] enabled
[    0.000000] tsc: Detected 2207.998 MHz processor
[    0.113381] Calibrating delay loop (skipped) preset value.. 4415.99 BogoMIPS (lpj=8831992)
[    0.114721] pid_max: default: 32768 minimum: 301
[    0.115443] ACPI: Core revision 20150930
[    0.116833] ACPI: 2 ACPI AML tables successfully acquired and loaded
[    0.117882] Security Framework initialized
[    0.118541] Yama: becoming mindful.
[    0.119143] AppArmor: AppArmor initialized
[    0.120268] Dentry cache hash table entries: 262144 (order: 9, 2097152 bytes)
[    0.121555] Inode-cache hash table entries: 131072 (order: 8, 1048576 bytes)
[    0.122977] Mount-cache hash table entries: 4096 (order: 3, 32768 bytes)
[    0.123932] Mountpoint-cache hash table entries: 4096 (order: 3, 32768 bytes)
[    0.125055] Initializing cgroup subsys io
[    0.125749] Initializing cgroup subsys memory
[    0.126445] Initializing cgroup subsys devices
[    0.127144] Initializing cgroup subsys freezer
[    0.127844] Initializing cgroup subsys net_cls
[    0.128566] Initializing cgroup subsys perf_event
[    0.129295] Initializing cgroup subsys net_prio
[    0.130007] Initializing cgroup subsys hugetlb
[    0.130707] Initializing cgroup subsys pids
[    0.133040] mce: CPU supports 0 MCE banks
[    0.133715] Last level iTLB entries: 4KB 64, 2MB 8, 4MB 8
[    0.134521] Last level dTLB entries: 4KB 64, 2MB 0, 4MB 0, 1GB 4
[    0.135393] Spectre V1 : Mitigation: usercopy/swapgs barriers and __user pointer sanitization
[    0.136730] Spectre V2 : Mitigation: Full generic retpoline
[    0.137593] Spectre V2 : Spectre v2 / SpectreRSB mitigation: Filling RSB on context switch
[    0.138886] Speculative Store Bypass: Vulnerable
[    0.139673] MDS: Vulnerable: Clear CPU buffers attempted, no microcode
[    0.142944] Freeing SMP alternatives memory: 36K
[    0.148793] ftrace: allocating 32302 entries in 127 pages
    0.201791] smpboot: APIC(0) Converting physical 0 to logical package 0
[    0.234630] smpboot: Max logical packages: 1
[    0.235725] x2apic enabled
[    0.236625] Switched APIC routing to physical x2apic.
[    0.238808] ..TIMER: vector=0x30 apic1=0 pin1=2 apic2=-1 pin2=-1
[    0.347940] smpboot: CPU0: Intel(R) Core(TM) i5-7260U CPU @ 2.20GHz (family: 0x6, model: 0x8e, stepping: 0x9)
[    0.349558] Performance Events: unsupported p6 CPU model 142 no PMU driver, software events only.
[    0.360703] KVM setup paravirtual spinlock
[    0.362376] x86: Booting SMP configuration:
[    0.363048] .... node  #0, CPUs:      #1
[    0.363785] kvm-clock: cpu 1, msr 0:7ffe3041, secondary cpu clock
[    0.365927] mce: CPU supports 0 MCE banks
[    0.368263] x86: Booted up 1 node, 2 CPUs
[    0.369068] smpboot: Total of 2 processors activated (8831.99 BogoMIPS)
[    0.370320] devtmpfs: initialized
[    0.372026] evm: security.selinux
[    0.372583] evm: security.SMACK64
[    0.373108] evm: security.SMACK64EXEC
[    0.373672] evm: security.SMACK64TRANSMUTE
[    0.374273] evm: security.SMACK64MMAP
[    0.374831] evm: security.ima
[    0.375322] evm: security.capability
[    0.376001] clocksource: jiffies: mask: 0xffffffff max_cycles: 0xffffffff, max_idle_ns: 7645041785100000 ns
[    0.377339] futex hash table entries: 512 (order: 3, 32768 bytes)
[    0.378240] pinctrl core: initialized pinctrl subsystem
[    0.379050] RTC time:  8:22:58, date: 12/18/19
[    0.379819] NET: Registered protocol family 16
[    0.392670] cpuidle: using governor ladder
[    0.404719] cpuidle: using governor menu
[    0.405410] PCCT header not found.
[    0.406040] ACPI: bus type PCI registered
[    0.406635] acpiphp: ACPI Hot Plug PCI Controller Driver version: 0.5
[    0.407551] PCI: Using configuration type 1 for base access
[    0.424198] ACPI: Added _OSI(Module Device)
[    0.424939] ACPI: Added _OSI(Processor Device)
[    0.425580] ACPI: Added _OSI(3.0 _SCP Extensions)
[    0.426233] ACPI: Added _OSI(Processor Aggregator Device)
[    0.427502] ACPI: Executed 1 blocks of module-level executable AML code
[    0.430093] ACPI: Interpreter enabled
[    0.430657] ACPI: (supports S0 S5)
[    0.431186] ACPI: Using IOAPIC for interrupt routing
[    0.431987] PCI: Using host bridge windows from ACPI; if necessary, use "pci=nocrs" and report a bug
[    0.435979] ACPI: PCI Root Bridge [PCI0] (domain 0000 [bus 00-ff])
[    0.436802] acpi PNP0A03:00: _OSC: OS supports [ASPM ClockPM Segments MSI]
[    0.437928] acpi PNP0A03:00: _OSC: not requesting OS control; OS requires [ExtendedConfig ASPM ClockPM MSI]
[    0.439225] acpi PNP0A03:00: fail to add MMCONFIG information, can't access extended PCI configuration space under this bridge.
[    0.440894] PCI host bridge to bus 0000:00
[    0.441498] pci_bus 0000:00: root bus resource [io  0x0000-0x0cf7 window]
[    0.442351] pci_bus 0000:00: root bus resource [io  0x0d00-0xffff window]
[    0.443203] pci_bus 0000:00: root bus resource [mem 0x000a0000-0x000bffff window]
[    0.444283] pci_bus 0000:00: root bus resource [mem 0x80000000-0xfdffffff window]
[    0.445397] pci_bus 0000:00: root bus resource [bus 00-ff]
[    0.447249] pci 0000:00:01.1: legacy IDE quirk: reg 0x10: [io  0x01f0-0x01f7]
[    0.448138] pci 0000:00:01.1: legacy IDE quirk: reg 0x14: [io  0x03f6]
[    0.448997] pci 0000:00:01.1: legacy IDE quirk: reg 0x18: [io  0x0170-0x0177]
[    0.449887] pci 0000:00:01.1: legacy IDE quirk: reg 0x1c: [io  0x0376]
[    0.476251] pci 0000:00:07.0: quirk: [io  0x4000-0x403f] claimed by PIIX4 ACPI
[    0.477390] pci 0000:00:07.0: quirk: [io  0x4100-0x410f] claimed by PIIX4 SMB
[    0.488728] ACPI: PCI Interrupt Link [LNKA] (IRQs 5 9 10 *11)
[    0.490010] ACPI: PCI Interrupt Link [LNKB] (IRQs 5 9 *10 11)
[    0.491105] ACPI: PCI Interrupt Link [LNKC] (IRQs 5 *9 10 11)
[    0.492224] ACPI: PCI Interrupt Link [LNKD] (IRQs 5 9 10 *11)
[    0.493431] ACPI: Enabled 2 GPEs in block 00 to 07
[    0.494416] vgaarb: setting as boot device: PCI:0000:00:02.0
[    0.495162] vgaarb: device added: PCI:0000:00:02.0,decodes=io+mem,owns=io+mem,locks=none
[    0.496296] vgaarb: loaded
[    0.496780] vgaarb: bridge control possible 0000:00:02.0
[    0.497704] SCSI subsystem initialized
[    0.498408] ACPI: bus type USB registered
[    0.499015] usbcore: registered new interface driver usbfs
[    0.499747] usbcore: registered new interface driver hub
[    0.500468] usbcore: registered new device driver usb
[    0.501387] PCI: Using ACPI for IRQ routing
[    0.502218] NetLabel: Initializing
[    0.502750] NetLabel:  domain hash size = 128
[    0.503370] NetLabel:  protocols = UNLABELED CIPSOv4
[    0.504058] NetLabel:  unlabeled traffic allowed by default
[    0.504911] amd_nb: Cannot enumerate AMD northbridges
[    0.505643] clocksource: Switched to clocksource kvm-clock
[    0.511439] AppArmor: AppArmor Filesystem Enabled
[    0.512158] pnp: PnP ACPI init
[    0.513209] pnp: PnP ACPI: found 3 devices
[    0.522161] clocksource: acpi_pm: mask: 0xffffff max_cycles: 0xffffff, max_idle_ns: 2085701024 ns
[    0.523422] NET: Registered protocol family 2
[    0.524205] TCP established hash table entries: 16384 (order: 5, 131072 bytes)
[    0.525295] TCP bind hash table entries: 16384 (order: 6, 262144 bytes)
[    0.526183] TCP: Hash tables configured (established 16384 bind 16384)
[    0.527026] UDP hash table entries: 1024 (order: 3, 32768 bytes)
[    0.527818] UDP-Lite hash table entries: 1024 (order: 3, 32768 bytes)
[    0.528771] NET: Registered protocol family 1
[    0.529480] pci 0000:00:00.0: Limiting direct PCI/PCI transfers
[    0.530386] pci 0000:00:01.0: Activating ISA DMA hang workarounds
[    0.531367] Unpacking initramfs...
[    0.713377] Freeing initrd memory: 15396K
[    0.714191] clocksource: tsc: mask: 0xffffffffffffffff max_cycles: 0x1fd3b6211b4, max_idle_ns: 440795230313 ns
[    0.715567] platform rtc_cmos: registered platform RTC device (no PNP device found)
[    0.716696] Scanning for low memory corruption every 60 seconds
[    0.717770] audit: initializing netlink subsys (disabled)
[    0.719190] audit: type=2000 audit(1576657383.927:1): initialized
[    0.720914] Initialise system trusted keyring
[    0.721895] HugeTLB registered 2 MB page size, pre-allocated 0 pages
[    0.723823] zbud: loaded
[    0.724569] VFS: Disk quotas dquot_6.6.0
[    0.725177] VFS: Dquot-cache hash table entries: 512 (order 0, 4096 bytes)
[    0.726265] squashfs: version 4.0 (2009/01/31) Phillip Lougher
[    0.727234] fuse init (API version 7.23)
[    0.727931] Key type big_key registered
[    0.728540] Allocating IMA MOK and blacklist keyrings.
[    0.729943] Key type asymmetric registered
[    0.730546] Asymmetric key parser 'x509' registered
[    0.731244] Block layer SCSI generic (bsg) driver version 0.4 loaded (major 249)
[    0.732348] io scheduler noop registered
[    0.732932] io scheduler deadline registered (default)
[    0.733656] io scheduler cfq registered
[    0.734340] pci_hotplug: PCI Hot Plug PCI Core version: 0.5
[    0.735093] pciehp: PCI Express Hot Plug Controller Driver version: 0.4
[    0.736035] ACPI: AC Adapter [AC] (on-line)
[    0.736692] input: Power Button as /devices/LNXSYSTM:00/LNXPWRBN:00/input/input0
[    0.737788] ACPI: Power Button [PWRF]
[    0.738444] input: Sleep Button as /devices/LNXSYSTM:00/LNXSLPBN:00/input/input1
[    0.739517] ACPI: Sleep Button [SLPF]
[    0.740211] GHES: HEST is not enabled!
[    0.740841] Serial: 8250/16550 driver, 32 ports, IRQ sharing enabled
[    0.762038] 00:02: ttyS0 at I/O 0x3f8 (irq = 4, base_baud = 115200) is a 16550A
[    0.766426] Linux agpgart interface v0.103
[    0.768200] loop: module loaded
[    0.769205] scsi host0: ata_piix
[    0.769836] scsi host1: ata_piix
[    0.770401] ata1: PATA max UDMA/33 cmd 0x1f0 ctl 0x3f6 bmdma 0xd000 irq 14
[    0.771261] ata2: PATA max UDMA/33 cmd 0x170 ctl 0x376 bmdma 0xd008 irq 15
[    0.772207] libphy: Fixed MDIO Bus: probed
[    0.772877] tun: Universal TUN/TAP device driver, 1.6
[    0.773572] tun: (C) 1999-2004 Max Krasnyansky <maxk@qualcomm.com>
[    0.774437] PPP generic driver version 2.4.2
[    0.775103] ehci_hcd: USB 2.0 'Enhanced' Host Controller (EHCI) Driver
[    0.775946] ehci-pci: EHCI PCI platform driver
[    0.776592] ehci-platform: EHCI generic platform driver
[    0.777306] ohci_hcd: USB 1.1 'Open' Host Controller (OHCI) Driver
[    0.778134] ohci-pci: OHCI PCI platform driver
[    0.778773] ohci-platform: OHCI generic platform driver
[    0.779482] uhci_hcd: USB Universal Host Controller Interface driver
[    0.780336] i8042: PNP: PS/2 Controller [PNP0303:PS2K,PNP0f03:PS2M] at 0x60,0x64 irq 1,12
[    0.781914] serio: i8042 KBD port at 0x60,0x64 irq 1
[    0.782600] serio: i8042 AUX port at 0x60,0x64 irq 12
[    0.783371] mousedev: PS/2 mouse device common for all mice
[    0.784524] input: AT Translated Set 2 keyboard as /devices/platform/i8042/serio0/input/input2
[    0.785774] rtc_cmos rtc_cmos: rtc core: registered rtc_cmos as rtc0
[    0.786758] rtc_cmos rtc_cmos: alarms up to one day, 114 bytes nvram
[    0.787580] i2c /dev entries driver
[    0.788161] device-mapper: uevent: version 1.0.3
[    0.788870] device-mapper: ioctl: 4.34.0-ioctl (2015-10-28) initialised: dm-devel@redhat.com
[    0.790067] ledtrig-cpu: registered to indicate activity on CPUs
[    0.791183] NET: Registered protocol family 10
[    0.791983] NET: Registered protocol family 17
[    0.792627] Key type dns_resolver registered
[    0.793419] registered taskstats version 1
[    0.794068] Loading compiled-in X.509 certificates
[    0.795263] Loaded X.509 cert 'Build time autogenerated kernel key: f0e56e97f406068ace47a9bf54316e9855aaaa43'
[    0.796890] zswap: loaded using pool lzo/zbud
[    0.799068] Key type trusted registered
[    0.802279] Key type encrypted registered
[    0.802978] AppArmor: AppArmor sha1 policy hashing enabled
[    0.803803] ima: No TPM chip found, activating TPM-bypass!
[    0.804631] ima: Allocated hash algorithm: sha1
[    0.805355] evm: HMAC attrs: 0x1
[    0.833535]   Magic number: 15:60:372
[    0.847709] rtc_cmos rtc_cmos: setting system clock to 2019-12-18 08:22:59 UTC (1576657379)
[    0.851765] BIOS EDD facility v0.16 2004-Jun-25, 0 devices found
[    0.853371] EDD information not available.
[    0.928189] Freeing unused kernel memory: 1488K
[    0.929982] Write protecting the kernel read-only data: 14336k
[    0.933041] Freeing unused kernel memory: 1604K
[    0.935780] Freeing unused kernel memory: 60K
Loading, please wait...
starting version 229
[    0.974664] random: systemd-udevd: uninitialized urandom read (16 bytes read, 3 bits of entropy available)
[    0.976427] random: udevadm: uninitialized urandom read (16 bytes read, 3 bits of entropy available)
[    0.976472] random: udevadm: uninitialized urandom read (16 bytes read, 3 bits of entropy available)
[    0.985260] random: systemd-udevd: uninitialized urandom read (16 bytes read, 3 bits of entropy available)
[    0.988102] random: systemd-udevd: uninitialized urandom read (16 bytes read, 3 bits of entropy available)
[    0.989090] random: udevadm: uninitialized urandom read (16 bytes read, 3 bits of entropy available)
[    0.989143] random: udevadm: uninitialized urandom read (16 bytes read, 3 bits of entropy available)
[    0.989302] random: udevadm: uninitialized urandom read (16 bytes read, 3 bits of entropy available)
[    0.989362] random: udevadm: uninitialized urandom read (16 bytes read, 3 bits of entropy available)
[    0.989422] random: udevadm: uninitialized urandom read (16 bytes read, 3 bits of entropy available)
[    1.020957] e1000: Intel(R) PRO/1000 Network Driver - version 7.3.21-k8-NAPI
[    1.022159] e1000: Copyright (c) 1999-2006 Intel Corporation.
[    1.024226] Fusion MPT base driver 3.04.20
[    1.024838] Copyright (c) 1999-2008 LSI Corporation
[    1.028593] Fusion MPT SPI Host driver 3.04.20
[    1.043715] AVX2 version of gcm_enc/dec engaged.
[    1.044485] AES CTR mode by8 optimization enabled
[    1.249424] input: ImExPS/2 Generic Explorer Mouse as /devices/platform/i8042/serio1/input/input4
[    1.748914] e1000 0000:00:03.0 eth0: (PCI:33MHz:32-bit) 02:30:52:25:60:69
[    1.753209] e1000 0000:00:03.0 eth0: Intel(R) PRO/1000 Network Connection
[    1.758977] mptbase: ioc0: Initiating bringup
[    1.838695] ioc0: LSI53C1030 A0: Capabilities={Initiator}
[    2.893975] scsi host2: ioc0: LSI53C1030 A0, FwRev=00000000h, Ports=1, MaxQ=256, IRQ=20
[    3.045699] scsi 2:0:0:0: Direct-Access     VBOX     HARDDISK         1.0  PQ: 0 ANSI: 5
[    3.049382] scsi target2:0:0: Beginning Domain Validation
[    3.057903] scsi target2:0:0: Domain Validation skipping write tests
[    3.059898] scsi target2:0:0: Ending Domain Validation
[    3.061703] scsi target2:0:0: asynchronous
[    3.067806] scsi 2:0:1:0: Direct-Access     VBOX     HARDDISK         1.0  PQ: 0 ANSI: 5
[    3.070630] scsi target2:0:1: Beginning Domain Validation
[    3.073076] scsi target2:0:1: Domain Validation skipping write tests
[    3.079276] scsi target2:0:1: Ending Domain Validation
[    3.089294] scsi target2:0:1: asynchronous
[    3.134500] sd 2:0:0:0: Attached scsi generic sg0 type 0
[    3.145933] sd 2:0:0:0: [sda] 20971520 512-byte logical blocks: (10.7 GB/10.0 GiB)
[    3.147319] sd 2:0:0:0: [sda] Write Protect is off
[    3.148155] sd 2:0:0:0: [sda] Incomplete mode parameter data
[    3.149042] sd 2:0:0:0: [sda] Assuming drive cache: write through
[    3.150890] sd 2:0:1:0: [sdb] 20480 512-byte logical blocks: (10.5 MB/10.0 MiB)
[    3.152644]  sda: sda1
[    3.153834] sd 2:0:1:0: [sdb] Write Protect is off
[    3.154878] sd 2:0:1:0: [sdb] Incomplete mode parameter data
[    3.155950] sd 2:0:1:0: [sdb] Assuming drive cache: write through
[    3.157546] sd 2:0:0:0: [sda] Attached SCSI disk
[    3.158838] sd 2:0:1:0: Attached scsi generic sg1 type 0
[    3.174268] sd 2:0:1:0: [sdb] Attached SCSI disk
[    3.412669] e1000 0000:00:08.0 eth1: (PCI:33MHz:32-bit) 08:00:27:26:95:66
[    3.413704] e1000 0000:00:08.0 eth1: Intel(R) PRO/1000 Network Connection
[    3.415466] e1000 0000:00:03.0 enp0s3: renamed from eth0
[    3.437550] e1000 0000:00:08.0 enp0s8: renamed from eth1
Begin: Loading essential drivers ... [    4.789684] md: linear personality registered for level -1
[    4.792597] md: multipath personality registered for level -4
[    4.795411] md: raid0 personality registered for level 0
[    4.799172] md: raid1 personality registered for level 1
[    4.869674] raid6: sse2x1   gen() 11813 MB/s
[    4.937668] raid6: sse2x1   xor()  8816 MB/s
[    5.005685] raid6: sse2x2   gen() 14653 MB/s
[    5.073670] raid6: sse2x2   xor() 10011 MB/s
[    5.141666] raid6: sse2x4   gen() 15712 MB/s
[    5.217540] raid6: sse2x4   xor() 10251 MB/s
[    5.285700] raid6: avx2x1   gen() 20934 MB/s
[    5.353680] raid6: avx2x2   gen() 18052 MB/s
[    5.421670] raid6: avx2x4   gen() 29463 MB/s
[    5.422342] raid6: using algorithm avx2x4 gen() 29463 MB/s
[    5.423081] raid6: using avx2x2 recovery algorithm
[    5.424789] xor: automatically using best checksumming function:
[    5.473430]    avx       : 64998.000 MB/sec
[    5.476017] async_tx: api initialized (async)
[    5.491517] md: raid6 personality registered for level 6
[    5.492530] md: raid5 personality registered for level 5
[    5.493337] md: raid4 personality registered for level 4
[    5.498672] md: raid10 personality registered for level 10
done.
Begin: Running /scripts/init-premount ... done.
Begin: Mounting root file system ... Begin: Running /scripts/local-top ... done.
Begin: Running /scripts/local-premount ... [    5.521283] Btrfs loaded
Scanning for Btrfs filesystems
done.
Warning: fsck not present, so skipping root file system
[    5.544109] EXT4-fs (sda1): INFO: recovery required on readonly filesystem
[    5.545018] EXT4-fs (sda1): write access will be enabled during recovery
[    5.587543] EXT4-fs (sda1): orphan cleanup on readonly fs
[    5.595415] EXT4-fs (sda1): 26 orphan inodes deleted
[    5.596106] EXT4-fs (sda1): recovery complete
[    5.597487] EXT4-fs (sda1): mounted filesystem with ordered data mode. Opts: (null)
done.
Begin: Running /scripts/local-bottom ... done.
Begin: Running /scripts/init-bottom ... done.
[    5.727055] systemd[1]: systemd 229 running in system mode. (+PAM +AUDIT +SELINUX +IMA +APPARMOR +SMACK +SYSVINIT +UTMP +LIBCRYPTSETUP +GCRYPT +GNUTLS +ACL +XZ -LZ4 +SECCOMP +BLKID +ELFUTILS +KMOD -IDN)
[    5.729363] systemd[1]: Detected virtualization oracle.
[    5.730320] systemd[1]: Detected architecture x86-64.

Welcome to [1mUbuntu 16.04.6 LTS[0m!

[    5.733814] systemd[1]: Set hostname to <ubuntu-xenial>.
[    5.909767] systemd[1]: Listening on Journal Socket (/dev/log).
[[0;32m  OK  [0m] Listening on Journal Socket (/dev/log).
[    5.911647] systemd[1]: Reached target User and Group Name Lookups.
[[0;32m  OK  [0m] Reached target User and Group Name Lookups.
[    5.913697] systemd[1]: Created slice System Slice.
[[0;32m  OK  [0m] Created slice System Slice.
[    5.915284] systemd[1]: Listening on Device-mapper event daemon FIFOs.
[[0;32m  OK  [0m] Listening on Device-mapper event daemon FIFOs.
[    5.917168] systemd[1]: Listening on Journal Audit Socket.
[[0;32m  OK  [0m] Listening on Journal Audit Socket.
[    5.918871] systemd[1]: Listening on LVM2 poll daemon socket.
[[0;32m  OK  [0m] Listening on LVM2 poll daemon socket.
[    5.920565] systemd[1]: Listening on /dev/initctl Compatibility Named Pipe.
[[0;32m  OK  [0m] Listening on /dev/initctl Compatibility Named Pipe.
[    5.922258] systemd[1]: Reached target Swap.
[[0;32m  OK  [0m] Reached target Swap.
[    5.923677] systemd[1]: Created slice system-serial\x2dgetty.slice.
[[0;32m  OK  [0m] Created slice system-serial\x2dgetty.slice.
[    5.925242] systemd[1]: Reached target System Time Synchronized.
[[0;32m  OK  [0m] Reached target System Time Synchronized.
[    5.926831] systemd[1]: Set up automount Arbitrary Executable File Formats File System Automount Point.
[[0;32m  OK  [0m] Set up automount Arbitrary Executab...ats File System Automount Point.
[    5.928944] systemd[1]: Started Trigger resolvconf update for networkd DNS.
[[0;32m  OK  [0m] Started Trigger resolvconf update for networkd DNS.
[    5.930566] systemd[1]: Listening on udev Control Socket.
[[0;32m  OK  [0m] Listening on udev Control Socket.
[    5.931923] systemd[1]: Started Forward Password Requests to Wall Directory Watch.
[[0;32m  OK  [0m] Started Forward Password Requests to Wall Directory Watch.
[    5.933791] systemd[1]: Listening on udev Kernel Socket.
[[0;32m  OK  [0m] Listening on udev Kernel Socket.
[    5.935273] systemd[1]: Created slice User and Session Slice.
[[0;32m  OK  [0m] Created slice User and Session Slice.
[    5.936688] systemd[1]: Listening on Journal Socket.
[[0;32m  OK  [0m] Listening on Journal Socket.
[    5.949825] systemd[1]: Starting Uncomplicated firewall...
         Starting Uncomplicated firewall...
[    5.952412] systemd[1]: Mounting POSIX Message Queue File System...
         Mounting POSIX Message Queue File System...
[    5.954834] systemd[1]: Mounting Debug File System...
         Mounting Debug File System...
[    5.958533] systemd[1]: Starting Create list of required static device nodes for the current kernel...
         Starting Create list of required st... nodes for the current kernel...
[    5.961312] systemd[1]: Starting Set console keymap...
         Starting Set console keymap...
[    5.963272] systemd[1]: Starting Remount Root and Kernel File Systems...
         Starting Remount Root and Kernel File Systems...
[    5.967041] EXT4-fs (sda1): re-mounted. Opts: (null)
[    5.968629] systemd[1]: Starting Load Kernel Modules...
         Starting Load Kernel Modules...
[    5.970437] systemd[1]: Mounting Huge Pages File System...
         Mounting Huge Pages File System...
[    5.972250] systemd[1]: Starting Nameserver information manager...
         Starting Nameserver information manager...
[    5.974027] systemd[1]: Listening on LVM2 metadata daemon socket.
[[0;32m  OK  [0m] Listening on LVM2 metadata daemon socket.
[    5.976308] systemd[1]: Starting Monitoring of LVM2 mirrors, snapshots etc. using dmeventd or progress polling...
         Starting Monitoring of LVM2 mirrors... dmeventd or progress polling...
[    5.978776] systemd[1]: Reached target Encrypted Volumes.
[[0;32m  OK  [0m] Reached target Encrypted Volumes.
[    5.980576] systemd[1]: Listening on Syslog Socket.
[[0;32m  OK  [0m] Listening on Syslog Socket.
[    5.982997] Loading iSCSI transport class v2.0-870.
[    5.983392] systemd[1]: Starting Journal Service...
         Starting Journal Service...
[    5.985106] systemd[1]: Reached target Slices.
[[0;32m  OK  [0m] Reached target Slices.
[    5.987492] systemd[1]: Mounted POSIX Message Queue File System.
[[0;32m  OK  [0m] Mounted POSIX Message Queue File System.
[    5.989077] systemd[1]: Mounted Debug File System.
[[0;32m  OK  [0m] Mounted Debug File System.
[    5.990483] systemd[1]: Mounted Huge Pages File System.
[[0;32m  OK  [0m] Mounted Huge Pages File System.
[    5.993662] systemd[1]: Started Uncomplicated firewall.
[[0;32m  OK  [0m] Started Uncomplicated firewall.
[    5.996027] systemd[1]: Started Create list of required static device nodes for the current kernel.
[[0;32m  OK  [0m] Started Create list of required sta...ce nodes for the current kernel.
[    6.006676] systemd[1]: Started Remount Root and Kernel File Systems.
[[0;32m  OK  [0m] Started Remount Root and Kernel File Systems.
[    6.008687] iscsi: registered transport (tcp)
[    6.019015] systemd[1]: Started Nameserver information manager.
[[0;32m  OK  [0m] Started Nameserver information manager.
[    6.021794] systemd[1]: Started Set console keymap.
[[0;32m  OK  [0m] Started Set console keymap.
[    6.030189] systemd[1]: Started Journal Service.
[[0;32m  OK  [0m] Started Journal Service.
[    6.050839] iscsi: registered transport (iser)
[    6.061736] random: nonblocking pool is initialized
[[0;32m  OK  [0m] Started LVM2 metadata daemon.
         Starting Load/Save Random Seed...
         Starting udev Coldplug all Devices...
         Starting Flush Journal to Persistent Storage...
         Starting Create Static Device Nodes in /dev...
[[0;32m  OK  [0m] Started Load Kernel Modules.
[[0;32m  OK  [0m] Started Load/Save Random Seed.
[[0;32m  OK  [0m] Started Create Static Device Nodes in /dev.
         Starting udev Kernel Device Manager...
         Starting Apply Kernel Variables...
         Mounting FUSE Control File System...
[[0;32m  OK  [0m] Mounted FUSE Control File System.
[[0;32m  OK  [0m] Started Apply Kernel Variables.
[[0;32m  OK  [0m] Started Flush Journal to Persistent Storage.
[[0;32m  OK  [0m] Started udev Coldplug all Devices.
[[0;32m  OK  [0m] Started udev Kernel Device Manager.
[[0;32m  OK  [0m] Started Dispatch Password Requests to Console Directory Watch.
[[0;32m  OK  [0m] Found device /dev/ttyS0.
[[0;32m  OK  [0m] Listening on Load/Save RF Kill Switch Status /dev/rfkill Watch.
[[0;32m  OK  [0m] Found device 82540EM Gigabit Ethern...r (PRO/1000 MT Desktop Adapter).
[[0;32m  OK  [0m] Found device 82540EM Gigabit Ethern...r (PRO/1000 MT Desktop Adapter).
[[0;32m  OK  [0m] Started Monitoring of LVM2 mirrors,...ng dmeventd or progress polling.
[[0;32m  OK  [0m] Reached target Local File Systems (Pre).
[[0;32m  OK  [0m] Reached target Local File Systems.
         Starting Tell Plymouth To Write Out Runtime Data...
         Starting LSB: AppArmor initialization...
         Starting Create Volatile Files and Directories...
         Starting Initial cloud-init job (pre-networking)...
         Starting Set console font and keymap...
[[0;32m  OK  [0m] Started Tell Plymouth To Write Out Runtime Data.
[[0;32m  OK  [0m] Started Create Volatile Files and Directories.
         Starting Update UTMP about System Boot/Shutdown...
[[0;32m  OK  [0m] Started Update UTMP about System Boot/Shutdown.
[[0;32m  OK  [0m] Started LSB: AppArmor initialization.
[[0;32m  OK  [0m] Started Set console font and keymap.
[[0;32m  OK  [0m] Created slice system-getty.slice.
[    7.252364] cloud-init[650]: Cloud-init v. 18.5-45-g3554ffe8-0ubuntu1~16.04.1 running 'init-local' at Wed, 18 Dec 2019 08:23:05 +0000. Up 7.05 seconds.
[[0;32m  OK  [0m] Started Initial cloud-init job (pre-networking).
[[0;32m  OK  [0m] Reached target Network (Pre).
[[0;32m  OK  [0m] Started ifup for enp0s3.
         Starting Raise network interfaces...
[[0;32m  OK  [0m] Started ifup for enp0s8.
[[0;32m  OK  [0m] Started Raise network interfaces.
[[0;32m  OK  [0m] Reached target Network.
         Starting Initial cloud-init job (metadata service crawler)...
[    7.851292] cloud-init[1072]: Cloud-init v. 18.5-45-g3554ffe8-0ubuntu1~16.04.1 running 'init' at Wed, 18 Dec 2019 08:23:06 +0000. Up 7.63 seconds.
[    7.852642] cloud-init[1072]: ci-info: ++++++++++++++++++++++++++++++++++++++Net device info+++++++++++++++++++++++++++++++++++++++
[    7.853869] cloud-init[1072]: ci-info: +--------+------+-----------------------------+---------------+--------+-------------------+
[    7.855083] cloud-init[1072]: ci-info: | Device |  Up  |           Address           |      Mask     | Scope  |     Hw-Address    |
[    7.856335] cloud-init[1072]: ci-info: +--------+------+-----------------------------+---------------+--------+-------------------+
[    7.857551] cloud-init[1072]: ci-info: | enp0s3 | True |          10.0.2.15          | 255.255.255.0 | global | 02:30:52:25:60:69 |
[    7.858787] cloud-init[1072]: ci-info: | enp0s3 | True |  fe80::30:52ff:fe25:6069/64 |       .       |  link  | 02:30:52:25:60:69 |
[    7.860059] cloud-init[1072]: ci-info: | enp0s8 | True |        192.168.33.10        | 255.255.255.0 | global | 08:00:27:26:95:66 |
[    7.861417] cloud-init[1072]: ci-info: | enp0s8 | True | fe80::a00:27ff:fe26:9566/64 |       .       |  link  | 08:00:27:26:95:66 |
[    7.862694] cloud-init[1072]: ci-info: |   lo   | True |          127.0.0.1          |   255.0.0.0   |  host  |         .         |
[    7.863977] cloud-init[1072]: ci-info: |   lo   | True |           ::1/128           |       .       |  host  |         .         |
[    7.865274] cloud-init[1072]: ci-info: +--------+------+-----------------------------+---------------+--------+-------------------+
[    7.866535] cloud-init[1072]: ci-info: ++++++++++++++++++++++++++++Route IPv4 info++++++++++++++++++++++++++++
[    7.867658] cloud-init[1072]: ci-info: +-------+--------------+----------+---------------+-----------+-------+
[    7.868798] cloud-init[1072]: ci-info: | Route | Destination  | Gateway  |    Genmask    | Interface | Flags |
[    7.869908] cloud-init[1072]: ci-info: +-------+--------------+----------+---------------+-----------+-------+
[    7.871045] cloud-init[1072]: ci-info: |   0   |   0.0.0.0    | 10.0.2.2 |    0.0.0.0    |   enp0s3  |   UG  |
[    7.872187] cloud-init[1072]: ci-info: |   1   |   10.0.2.0   | 0.0.0.0  | 255.255.255.0 |   enp0s3  |   U   |
[    7.873302] cloud-init[1072]: ci-info: |   2   | 192.168.33.0 | 0.0.0.0  | 255.255.255.0 |   enp0s8  |   U   |
[    7.874406] cloud-init[1072]: ci-info: +-------+--------------+----------+---------------+-----------+-------+
[    7.875513] cloud-init[1072]: ci-info: +++++++++++++++++++Route IPv6 info+++++++++++++++++++
[    7.876488] cloud-init[1072]: ci-info: +-------+-------------+---------+-----------+-------+
[    7.877460] cloud-init[1072]: ci-info: | Route | Destination | Gateway | Interface | Flags |
[    7.878436] cloud-init[1072]: ci-info: +-------+-------------+---------+-----------+-------+
[    7.879405] cloud-init[1072]: ci-info: |   0   |  fe80::/64  |    ::   |   enp0s8  |   U   |
[    7.880404] cloud-init[1072]: ci-info: |   1   |  fe80::/64  |    ::   |   enp0s3  |   U   |
[    7.881390] cloud-init[1072]: ci-info: |   4   |   ff00::/8  |    ::   |   enp0s8  |   U   |
[    7.882369] cloud-init[1072]: ci-info: |   5   |   ff00::/8  |    ::   |   enp0s3  |   U   |
[    7.883330] cloud-init[1072]: ci-info: +-------+-------------+---------+-----------+-------+
[[0;32m  OK  [0m] Started Initial cloud-init job (metadata service crawler).
[[0;32m  OK  [0m] Reached target System Initialization.
[[0;32m  OK  [0m] Started Clean PHP session files every 30 mins.
[[0;32m  OK  [0m] Listening on ACPID Listen Socket.
[[0;32m  OK  [0m] Started Daily Cleanup of Temporary Directories.
[[0;32m  OK  [0m] Started ACPI Events Check.
[[0;32m  OK  [0m] Reached target Paths.
         Starting LXD - unix socket.
[[0;32m  OK  [0m] Started Daily apt download activities.
[[0;32m  OK  [0m] Started Daily apt upgrade and clean activities.
[[0;32m  OK  [0m] Reached target Timers.
[[0;32m  OK  [0m] Listening on UUID daemon activation socket.
[[0;32m  OK  [0m] Listening on D-Bus System Message Bus Socket.
         Starting Socket activation for snappy daemon.
[[0;32m  OK  [0m] Reached target Cloud-config availability.
[[0;32m  OK  [0m] Reached target Network is Online.
         Starting iSCSI initiator daemon (iscsid)...
[[0;32m  OK  [0m] Listening on LXD - unix socket.
[[0;32m  OK  [0m] Listening on Socket activation for snappy daemon.
[[0;32m  OK  [0m] Started iSCSI initiator daemon (iscsid).
         Starting Login to default iSCSI targets...
[[0;32m  OK  [0m] Reached target Sockets.
[[0;32m  OK  [0m] Reached target Basic System.
[[0;32m  OK  [0m] Started Unattended Upgrades Shutdown.
         Starting MySQL Community Server...
[[0;32m  OK  [0m] Started FUSE filesystem for LXC.
         Starting LXD - container startup/shutdown...
[[0;32m  OK  [0m] Started Deferred execution scheduler.
[[0;32m  OK  [0m] Started ACPI event daemon.
         Starting Clean php session files...
         Starting Login Service...
         Starting Accounts Service...
         Starting LSB: Record successful boot for GRUB...
         Starting /etc/rc.local Compatibility...
         Starting Virtualbox guest utils...
[[0;32m  OK  [0m] Started Regular background program processing daemon.
         Starting Snappy daemon...
         Starting System Logging Service...
         Starting LSB: MD monitoring daemon...
[[0;32m  OK  [0m] Started D-Bus System Message Bus.
         Starting OpenBSD Secure Shell server...
[[0;32m  OK  [0m] Started System Logging Service.
[[0;32m  OK  [0m] Started /etc/rc.local Compatibility.
[[0;32m  OK  [0m] Started Login to default iSCSI targets.
[[0;32m  OK  [0m] Started LSB: Record successful boot for GRUB.
[[0;32m  OK  [0m] Started Login Service.
         Starting Authenticate and Authorize Users to Run Privileged Tasks...
[[0;32m  OK  [0m] Reached target Remote File Systems (Pre).
[[0;32m  OK  [0m] Reached target Remote File Systems.
         Starting LSB: Apache2 web server...
         Starting LSB: daemon to balance interrupts for SMP systems...
         Starting LSB: Set the CPU Frequency Scaling governor to "ondemand"...
         Starting LSB: automatic crash report generation...
         Starting Permit User Sessions...
[[0;32m  OK  [0m] Started LSB: MD monitoring daemon.
[[0;32m  OK  [0m] Started Permit User Sessions.
         Starting Hold until boot process finishes up...
         Starting Terminate Plymouth Boot Screen...
[[0;32m  OK  [0m] Started OpenBSD Secure Shell server.
[[0;32m  OK  [0m] Started Hold until boot process finishes up.
[[0;32m  OK  [0m] Started LXD - container startup/shutdown.
         Starting Set console scheme...
[[0;32m  OK  [0m] Started Serial Getty on ttyS0.
[[0;32m  OK  [0m] Started Getty on tty1.
[[0;32m  OK  [0m] Reached target Login Prompts.
[[0;32m  OK  [0m] Started LSB: Set the CPU Frequency Scaling governor to "ondemand".
[[0;32m  OK  [0m] Started Terminate Plymouth Boot Screen.
[[0;32m  OK  [0m] Started LSB: daemon to balance interrupts for SMP systems.
[[0;32m  OK  [0m] Started Set console scheme.
[[0;32m  OK  [0m] Started Authenticate and Authorize Users to Run Privileged Tasks.
[[0;32m  OK  [0m] Started Accounts Service.
[[0;32m  OK  [0m] Started LSB: automatic crash report generation.
[[0;32m  OK  [0m] Started Virtualbox guest utils.
[[0;32m  OK  [0m] Started Snappy daemon.
         Starting Wait until snapd is fully seeded...
[[0;32m  OK  [0m] Started Clean php session files.
[[0;32m  OK  [0m] Started Wait until snapd is fully seeded.
         Starting Apply the settings specified in cloud-config...
[    8.974356] cloud-init[1397]: Cloud-init v. 18.5-45-g3554ffe8-0ubuntu1~16.04.1 running 'modules:config' at Wed, 18 Dec 2019 08:23:07 +0000. Up 8.72 seconds.
[[0;32m  OK  [0m] Started Apply the settings specified in cloud-config.
[[0;32m  OK  [0m] Started MySQL Community Server.
[[0;32m  OK  [0m] Started LSB: Apache2 web server.
[[0;32m  OK  [0m] Reached target Multi-User System.
         Starting Execute cloud user/final scripts...
[[0;32m  OK  [0m] Reached target Graphical Interface.
         Starting Update UTMP about System Runlevel Changes...
[[0;32m  OK  [0m] Started Update UTMP about System Runlevel Changes.
[    9.985290] cloud-init[1454]: Cloud-init v. 18.5-45-g3554ffe8-0ubuntu1~16.04.1 running 'modules:final' at Wed, 18 Dec 2019 08:23:08 +0000. Up 9.85 seconds.
[   10.004019] cloud-init[1454]: Cloud-init v. 18.5-45-g3554ffe8-0ubuntu1~16.04.1 finished at Wed, 18 Dec 2019 08:23:08 +0000. Datasource DataSourceNoCloud [seed=/dev/sdb][dsmode=net].  Up 9.97 seconds
[[0;32m  OK  [0m] Started Execute cloud user/final scripts.
         Starting Daily apt download activities...
[[0;32m  OK  [0m] Reached target Cloud-init target.
[[0;32m  OK  [0m] Created slice User Slice of vagrant.
         Starting User Manager for UID 1000...
[[0;32m  OK  [0m] Started Session 1 of user vagrant.
[[0;32m  OK  [0m] Started User Manager for UID 1000.

Ubuntu 16.04.6 LTS ubuntu-xenial ttyS0

ubuntu-xenial login: 